<?xml version="1.0" encoding="UTF-8"?>
<robot generator="Robot 3.0.2 (Python 3.5.2 on linux)" generated="20180128 12:27:00.049">
<suite name="Tests" id="s1" source="/home/catherine/api+robot/webapi/webapi_tests/tests">
<suite name="01 Users" id="s1-s1" source="/home/catherine/api+robot/webapi/webapi_tests/tests/01_users.robot">
<kw name="Connect To Database Using Custom Params" type="setup" library="DatabaseLibrary">
<doc>Loads the DB API 2.0 module given `dbapiModuleName` then uses it to</doc>
<arguments>
<arg>sqlite3</arg>
<arg>database='../../../db.sqlite3'</arg>
</arguments>
<msg level="INFO" timestamp="20180128 12:27:00.233">Executing : Connect To Database Using Custom Params : sqlite3.connect(db_api_2.connect(database='../../../db.sqlite3')) </msg>
<status status="PASS" endtime="20180128 12:27:00.234" starttime="20180128 12:27:00.228"></status>
</kw>
<test name="Test geting list of users" id="s1-s1-t1">
<kw name="Get" library="requests">
<doc>Sends a GET request.</doc>
<arguments>
<arg>http://127.0.0.1:8000/api/users/</arg>
</arguments>
<assign>
<var>${actual}</var>
</assign>
<msg level="INFO" timestamp="20180128 12:27:00.275">${actual} = &lt;Response [200]&gt;</msg>
<status status="PASS" endtime="20180128 12:27:00.275" starttime="20180128 12:27:00.235"></status>
</kw>
<kw name="Should Be Equal" library="BuiltIn">
<doc>Fails if the given objects are unequal.</doc>
<arguments>
<arg>${actual.status_code}</arg>
<arg>${200}</arg>
</arguments>
<status status="PASS" endtime="20180128 12:27:00.277" starttime="20180128 12:27:00.276"></status>
</kw>
<kw name="Set Variable" library="BuiltIn">
<doc>Returns the given values which can then be assigned to a variables.</doc>
<arguments>
<arg>${actual.json()}</arg>
</arguments>
<assign>
<var>@{json}</var>
</assign>
<msg level="INFO" timestamp="20180128 12:27:00.278">@{json} = [ {'groups': [], 'email': 'AutotestUser@mail.ru', 'url': 'http://127.0.0.1:8000/api/users/39/', 'username': 'AutotestUseri'} | {'groups': [], 'email': 'AutotestUser@mail.ru', 'url': 'http://127.0.0.1:...</msg>
<status status="PASS" endtime="20180128 12:27:00.278" starttime="20180128 12:27:00.277"></status>
</kw>
<kw name="Create actual result list">
<arguments>
<arg>@{json}</arg>
</arguments>
<assign>
<var>${actualList}</var>
</assign>
<kw name="Create List" library="BuiltIn">
<doc>Returns a list containing given items.</doc>
<assign>
<var>${result}</var>
</assign>
<msg level="INFO" timestamp="20180128 12:27:00.280">${result} = []</msg>
<status status="PASS" endtime="20180128 12:27:00.280" starttime="20180128 12:27:00.280"></status>
</kw>
<kw name="${ELEMENT} IN [ @{json} ]" type="for">
<kw name="${ELEMENT} = {'groups': [], 'email': 'AutotestUser@mail.ru', 'url': 'http://127.0.0.1:8000/api/users/39/', 'username': 'AutotestUseri'}" type="foritem">
<kw name="Log" library="BuiltIn">
<doc>Logs the given message with the given level.</doc>
<arguments>
<arg>${ELEMENT}</arg>
</arguments>
<msg level="INFO" timestamp="20180128 12:27:00.283">{'groups': [], 'email': 'AutotestUser@mail.ru', 'url': 'http://127.0.0.1:8000/api/users/39/', 'username': 'AutotestUseri'}</msg>
<status status="PASS" endtime="20180128 12:27:00.283" starttime="20180128 12:27:00.281"></status>
</kw>
<kw name="Get From Dictionary" library="Collections">
<doc>Returns a value from the given ``dictionary`` based on the given ``key``.</doc>
<arguments>
<arg>${ELEMENT}</arg>
<arg>username</arg>
</arguments>
<assign>
<var>${username}</var>
</assign>
<msg level="INFO" timestamp="20180128 12:27:00.284">${username} = AutotestUseri</msg>
<status status="PASS" endtime="20180128 12:27:00.284" starttime="20180128 12:27:00.283"></status>
</kw>
<kw name="Append To List" library="Collections">
<doc>Adds ``values`` to the end of ``list``.</doc>
<arguments>
<arg>${result}</arg>
<arg>${username}</arg>
</arguments>
<status status="PASS" endtime="20180128 12:27:00.286" starttime="20180128 12:27:00.285"></status>
</kw>
<status status="PASS" endtime="20180128 12:27:00.286" starttime="20180128 12:27:00.281"></status>
</kw>
<kw name="${ELEMENT} = {'groups': [], 'email': 'AutotestUser@mail.ru', 'url': 'http://127.0.0.1:8000/api/users/38/', 'username': 'AutotestUserz'}" type="foritem">
<kw name="Log" library="BuiltIn">
<doc>Logs the given message with the given level.</doc>
<arguments>
<arg>${ELEMENT}</arg>
</arguments>
<msg level="INFO" timestamp="20180128 12:27:00.286">{'groups': [], 'email': 'AutotestUser@mail.ru', 'url': 'http://127.0.0.1:8000/api/users/38/', 'username': 'AutotestUserz'}</msg>
<status status="PASS" endtime="20180128 12:27:00.287" starttime="20180128 12:27:00.286"></status>
</kw>
<kw name="Get From Dictionary" library="Collections">
<doc>Returns a value from the given ``dictionary`` based on the given ``key``.</doc>
<arguments>
<arg>${ELEMENT}</arg>
<arg>username</arg>
</arguments>
<assign>
<var>${username}</var>
</assign>
<msg level="INFO" timestamp="20180128 12:27:00.287">${username} = AutotestUserz</msg>
<status status="PASS" endtime="20180128 12:27:00.287" starttime="20180128 12:27:00.287"></status>
</kw>
<kw name="Append To List" library="Collections">
<doc>Adds ``values`` to the end of ``list``.</doc>
<arguments>
<arg>${result}</arg>
<arg>${username}</arg>
</arguments>
<status status="PASS" endtime="20180128 12:27:00.288" starttime="20180128 12:27:00.287"></status>
</kw>
<status status="PASS" endtime="20180128 12:27:00.288" starttime="20180128 12:27:00.286"></status>
</kw>
<kw name="${ELEMENT} = {'groups': [], 'email': 'AutotestUser@mail.ru', 'url': 'http://127.0.0.1:8000/api/users/37/', 'username': 'AutotestUserx'}" type="foritem">
<kw name="Log" library="BuiltIn">
<doc>Logs the given message with the given level.</doc>
<arguments>
<arg>${ELEMENT}</arg>
</arguments>
<msg level="INFO" timestamp="20180128 12:27:00.288">{'groups': [], 'email': 'AutotestUser@mail.ru', 'url': 'http://127.0.0.1:8000/api/users/37/', 'username': 'AutotestUserx'}</msg>
<status status="PASS" endtime="20180128 12:27:00.289" starttime="20180128 12:27:00.288"></status>
</kw>
<kw name="Get From Dictionary" library="Collections">
<doc>Returns a value from the given ``dictionary`` based on the given ``key``.</doc>
<arguments>
<arg>${ELEMENT}</arg>
<arg>username</arg>
</arguments>
<assign>
<var>${username}</var>
</assign>
<msg level="INFO" timestamp="20180128 12:27:00.289">${username} = AutotestUserx</msg>
<status status="PASS" endtime="20180128 12:27:00.289" starttime="20180128 12:27:00.289"></status>
</kw>
<kw name="Append To List" library="Collections">
<doc>Adds ``values`` to the end of ``list``.</doc>
<arguments>
<arg>${result}</arg>
<arg>${username}</arg>
</arguments>
<status status="PASS" endtime="20180128 12:27:00.290" starttime="20180128 12:27:00.289"></status>
</kw>
<status status="PASS" endtime="20180128 12:27:00.290" starttime="20180128 12:27:00.288"></status>
</kw>
<kw name="${ELEMENT} = {'groups': [], 'email': 'AutotestUser@mail.ru', 'url': 'http://127.0.0.1:8000/api/users/36/', 'username': 'AutotestUsery'}" type="foritem">
<kw name="Log" library="BuiltIn">
<doc>Logs the given message with the given level.</doc>
<arguments>
<arg>${ELEMENT}</arg>
</arguments>
<msg level="INFO" timestamp="20180128 12:27:00.290">{'groups': [], 'email': 'AutotestUser@mail.ru', 'url': 'http://127.0.0.1:8000/api/users/36/', 'username': 'AutotestUsery'}</msg>
<status status="PASS" endtime="20180128 12:27:00.290" starttime="20180128 12:27:00.290"></status>
</kw>
<kw name="Get From Dictionary" library="Collections">
<doc>Returns a value from the given ``dictionary`` based on the given ``key``.</doc>
<arguments>
<arg>${ELEMENT}</arg>
<arg>username</arg>
</arguments>
<assign>
<var>${username}</var>
</assign>
<msg level="INFO" timestamp="20180128 12:27:00.291">${username} = AutotestUsery</msg>
<status status="PASS" endtime="20180128 12:27:00.291" starttime="20180128 12:27:00.290"></status>
</kw>
<kw name="Append To List" library="Collections">
<doc>Adds ``values`` to the end of ``list``.</doc>
<arguments>
<arg>${result}</arg>
<arg>${username}</arg>
</arguments>
<status status="PASS" endtime="20180128 12:27:00.291" starttime="20180128 12:27:00.291"></status>
</kw>
<status status="PASS" endtime="20180128 12:27:00.291" starttime="20180128 12:27:00.290"></status>
</kw>
<kw name="${ELEMENT} = {'groups': [], 'email': 'AutotestUser@mail.ru', 'url': 'http://127.0.0.1:8000/api/users/35/', 'username': 'AutotestUserrr'}" type="foritem">
<kw name="Log" library="BuiltIn">
<doc>Logs the given message with the given level.</doc>
<arguments>
<arg>${ELEMENT}</arg>
</arguments>
<msg level="INFO" timestamp="20180128 12:27:00.292">{'groups': [], 'email': 'AutotestUser@mail.ru', 'url': 'http://127.0.0.1:8000/api/users/35/', 'username': 'AutotestUserrr'}</msg>
<status status="PASS" endtime="20180128 12:27:00.292" starttime="20180128 12:27:00.292"></status>
</kw>
<kw name="Get From Dictionary" library="Collections">
<doc>Returns a value from the given ``dictionary`` based on the given ``key``.</doc>
<arguments>
<arg>${ELEMENT}</arg>
<arg>username</arg>
</arguments>
<assign>
<var>${username}</var>
</assign>
<msg level="INFO" timestamp="20180128 12:27:00.293">${username} = AutotestUserrr</msg>
<status status="PASS" endtime="20180128 12:27:00.293" starttime="20180128 12:27:00.293"></status>
</kw>
<kw name="Append To List" library="Collections">
<doc>Adds ``values`` to the end of ``list``.</doc>
<arguments>
<arg>${result}</arg>
<arg>${username}</arg>
</arguments>
<status status="PASS" endtime="20180128 12:27:00.294" starttime="20180128 12:27:00.293"></status>
</kw>
<status status="PASS" endtime="20180128 12:27:00.294" starttime="20180128 12:27:00.292"></status>
</kw>
<kw name="${ELEMENT} = {'groups': [], 'email': 'AutotestUser@mail.ru', 'url': 'http://127.0.0.1:8000/api/users/34/', 'username': 'AutotestUserr'}" type="foritem">
<kw name="Log" library="BuiltIn">
<doc>Logs the given message with the given level.</doc>
<arguments>
<arg>${ELEMENT}</arg>
</arguments>
<msg level="INFO" timestamp="20180128 12:27:00.295">{'groups': [], 'email': 'AutotestUser@mail.ru', 'url': 'http://127.0.0.1:8000/api/users/34/', 'username': 'AutotestUserr'}</msg>
<status status="PASS" endtime="20180128 12:27:00.295" starttime="20180128 12:27:00.294"></status>
</kw>
<kw name="Get From Dictionary" library="Collections">
<doc>Returns a value from the given ``dictionary`` based on the given ``key``.</doc>
<arguments>
<arg>${ELEMENT}</arg>
<arg>username</arg>
</arguments>
<assign>
<var>${username}</var>
</assign>
<msg level="INFO" timestamp="20180128 12:27:00.296">${username} = AutotestUserr</msg>
<status status="PASS" endtime="20180128 12:27:00.296" starttime="20180128 12:27:00.295"></status>
</kw>
<kw name="Append To List" library="Collections">
<doc>Adds ``values`` to the end of ``list``.</doc>
<arguments>
<arg>${result}</arg>
<arg>${username}</arg>
</arguments>
<status status="PASS" endtime="20180128 12:27:00.297" starttime="20180128 12:27:00.296"></status>
</kw>
<status status="PASS" endtime="20180128 12:27:00.297" starttime="20180128 12:27:00.294"></status>
</kw>
<kw name="${ELEMENT} = {'groups': [], 'email': 'AutotestUser@mail.ru', 'url': 'http://127.0.0.1:8000/api/users/33/', 'username': 'AutotestUsere'}" type="foritem">
<kw name="Log" library="BuiltIn">
<doc>Logs the given message with the given level.</doc>
<arguments>
<arg>${ELEMENT}</arg>
</arguments>
<msg level="INFO" timestamp="20180128 12:27:00.299">{'groups': [], 'email': 'AutotestUser@mail.ru', 'url': 'http://127.0.0.1:8000/api/users/33/', 'username': 'AutotestUsere'}</msg>
<status status="PASS" endtime="20180128 12:27:00.299" starttime="20180128 12:27:00.297"></status>
</kw>
<kw name="Get From Dictionary" library="Collections">
<doc>Returns a value from the given ``dictionary`` based on the given ``key``.</doc>
<arguments>
<arg>${ELEMENT}</arg>
<arg>username</arg>
</arguments>
<assign>
<var>${username}</var>
</assign>
<msg level="INFO" timestamp="20180128 12:27:00.300">${username} = AutotestUsere</msg>
<status status="PASS" endtime="20180128 12:27:00.300" starttime="20180128 12:27:00.299"></status>
</kw>
<kw name="Append To List" library="Collections">
<doc>Adds ``values`` to the end of ``list``.</doc>
<arguments>
<arg>${result}</arg>
<arg>${username}</arg>
</arguments>
<status status="PASS" endtime="20180128 12:27:00.301" starttime="20180128 12:27:00.301"></status>
</kw>
<status status="PASS" endtime="20180128 12:27:00.301" starttime="20180128 12:27:00.297"></status>
</kw>
<kw name="${ELEMENT} = {'groups': [], 'email': 'AutotestUser@mail.ru', 'url': 'http://127.0.0.1:8000/api/users/32/', 'username': 'AutotestUserw'}" type="foritem">
<kw name="Log" library="BuiltIn">
<doc>Logs the given message with the given level.</doc>
<arguments>
<arg>${ELEMENT}</arg>
</arguments>
<msg level="INFO" timestamp="20180128 12:27:00.302">{'groups': [], 'email': 'AutotestUser@mail.ru', 'url': 'http://127.0.0.1:8000/api/users/32/', 'username': 'AutotestUserw'}</msg>
<status status="PASS" endtime="20180128 12:27:00.302" starttime="20180128 12:27:00.302"></status>
</kw>
<kw name="Get From Dictionary" library="Collections">
<doc>Returns a value from the given ``dictionary`` based on the given ``key``.</doc>
<arguments>
<arg>${ELEMENT}</arg>
<arg>username</arg>
</arguments>
<assign>
<var>${username}</var>
</assign>
<msg level="INFO" timestamp="20180128 12:27:00.303">${username} = AutotestUserw</msg>
<status status="PASS" endtime="20180128 12:27:00.303" starttime="20180128 12:27:00.302"></status>
</kw>
<kw name="Append To List" library="Collections">
<doc>Adds ``values`` to the end of ``list``.</doc>
<arguments>
<arg>${result}</arg>
<arg>${username}</arg>
</arguments>
<status status="PASS" endtime="20180128 12:27:00.304" starttime="20180128 12:27:00.303"></status>
</kw>
<status status="PASS" endtime="20180128 12:27:00.304" starttime="20180128 12:27:00.302"></status>
</kw>
<kw name="${ELEMENT} = {'groups': [], 'email': 'AutotestUser@mail.ru', 'url': 'http://127.0.0.1:8000/api/users/31/', 'username': 'AutotestUserq'}" type="foritem">
<kw name="Log" library="BuiltIn">
<doc>Logs the given message with the given level.</doc>
<arguments>
<arg>${ELEMENT}</arg>
</arguments>
<msg level="INFO" timestamp="20180128 12:27:00.305">{'groups': [], 'email': 'AutotestUser@mail.ru', 'url': 'http://127.0.0.1:8000/api/users/31/', 'username': 'AutotestUserq'}</msg>
<status status="PASS" endtime="20180128 12:27:00.305" starttime="20180128 12:27:00.304"></status>
</kw>
<kw name="Get From Dictionary" library="Collections">
<doc>Returns a value from the given ``dictionary`` based on the given ``key``.</doc>
<arguments>
<arg>${ELEMENT}</arg>
<arg>username</arg>
</arguments>
<assign>
<var>${username}</var>
</assign>
<msg level="INFO" timestamp="20180128 12:27:00.306">${username} = AutotestUserq</msg>
<status status="PASS" endtime="20180128 12:27:00.306" starttime="20180128 12:27:00.306"></status>
</kw>
<kw name="Append To List" library="Collections">
<doc>Adds ``values`` to the end of ``list``.</doc>
<arguments>
<arg>${result}</arg>
<arg>${username}</arg>
</arguments>
<status status="PASS" endtime="20180128 12:27:00.307" starttime="20180128 12:27:00.307"></status>
</kw>
<status status="PASS" endtime="20180128 12:27:00.307" starttime="20180128 12:27:00.304"></status>
</kw>
<kw name="${ELEMENT} = {'groups': [], 'email': 'asd@mail.ru', 'url': 'http://127.0.0.1:8000/api/users/30/', 'username': 'asdasd'}" type="foritem">
<kw name="Log" library="BuiltIn">
<doc>Logs the given message with the given level.</doc>
<arguments>
<arg>${ELEMENT}</arg>
</arguments>
<msg level="INFO" timestamp="20180128 12:27:00.308">{'groups': [], 'email': 'asd@mail.ru', 'url': 'http://127.0.0.1:8000/api/users/30/', 'username': 'asdasd'}</msg>
<status status="PASS" endtime="20180128 12:27:00.308" starttime="20180128 12:27:00.307"></status>
</kw>
<kw name="Get From Dictionary" library="Collections">
<doc>Returns a value from the given ``dictionary`` based on the given ``key``.</doc>
<arguments>
<arg>${ELEMENT}</arg>
<arg>username</arg>
</arguments>
<assign>
<var>${username}</var>
</assign>
<msg level="INFO" timestamp="20180128 12:27:00.308">${username} = asdasd</msg>
<status status="PASS" endtime="20180128 12:27:00.308" starttime="20180128 12:27:00.308"></status>
</kw>
<kw name="Append To List" library="Collections">
<doc>Adds ``values`` to the end of ``list``.</doc>
<arguments>
<arg>${result}</arg>
<arg>${username}</arg>
</arguments>
<status status="PASS" endtime="20180128 12:27:00.309" starttime="20180128 12:27:00.308"></status>
</kw>
<status status="PASS" endtime="20180128 12:27:00.309" starttime="20180128 12:27:00.307"></status>
</kw>
<kw name="${ELEMENT} = {'groups': [], 'email': 'AutotestUser@mail.ru', 'url': 'http://127.0.0.1:8000/api/users/29/', 'username': 'AutotestUser'}" type="foritem">
<kw name="Log" library="BuiltIn">
<doc>Logs the given message with the given level.</doc>
<arguments>
<arg>${ELEMENT}</arg>
</arguments>
<msg level="INFO" timestamp="20180128 12:27:00.309">{'groups': [], 'email': 'AutotestUser@mail.ru', 'url': 'http://127.0.0.1:8000/api/users/29/', 'username': 'AutotestUser'}</msg>
<status status="PASS" endtime="20180128 12:27:00.309" starttime="20180128 12:27:00.309"></status>
</kw>
<kw name="Get From Dictionary" library="Collections">
<doc>Returns a value from the given ``dictionary`` based on the given ``key``.</doc>
<arguments>
<arg>${ELEMENT}</arg>
<arg>username</arg>
</arguments>
<assign>
<var>${username}</var>
</assign>
<msg level="INFO" timestamp="20180128 12:27:00.310">${username} = AutotestUser</msg>
<status status="PASS" endtime="20180128 12:27:00.310" starttime="20180128 12:27:00.310"></status>
</kw>
<kw name="Append To List" library="Collections">
<doc>Adds ``values`` to the end of ``list``.</doc>
<arguments>
<arg>${result}</arg>
<arg>${username}</arg>
</arguments>
<status status="PASS" endtime="20180128 12:27:00.311" starttime="20180128 12:27:00.310"></status>
</kw>
<status status="PASS" endtime="20180128 12:27:00.311" starttime="20180128 12:27:00.309"></status>
</kw>
<kw name="${ELEMENT} = {'groups': [], 'email': 'AutotestUser@mail.ru', 'url': 'http://127.0.0.1:8000/api/users/23/', 'username': 'AutotestUser9'}" type="foritem">
<kw name="Log" library="BuiltIn">
<doc>Logs the given message with the given level.</doc>
<arguments>
<arg>${ELEMENT}</arg>
</arguments>
<msg level="INFO" timestamp="20180128 12:27:00.311">{'groups': [], 'email': 'AutotestUser@mail.ru', 'url': 'http://127.0.0.1:8000/api/users/23/', 'username': 'AutotestUser9'}</msg>
<status status="PASS" endtime="20180128 12:27:00.312" starttime="20180128 12:27:00.311"></status>
</kw>
<kw name="Get From Dictionary" library="Collections">
<doc>Returns a value from the given ``dictionary`` based on the given ``key``.</doc>
<arguments>
<arg>${ELEMENT}</arg>
<arg>username</arg>
</arguments>
<assign>
<var>${username}</var>
</assign>
<msg level="INFO" timestamp="20180128 12:27:00.312">${username} = AutotestUser9</msg>
<status status="PASS" endtime="20180128 12:27:00.312" starttime="20180128 12:27:00.312"></status>
</kw>
<kw name="Append To List" library="Collections">
<doc>Adds ``values`` to the end of ``list``.</doc>
<arguments>
<arg>${result}</arg>
<arg>${username}</arg>
</arguments>
<status status="PASS" endtime="20180128 12:27:00.313" starttime="20180128 12:27:00.313"></status>
</kw>
<status status="PASS" endtime="20180128 12:27:00.313" starttime="20180128 12:27:00.311"></status>
</kw>
<kw name="${ELEMENT} = {'groups': [], 'email': 'AutotestUser@mail.ru', 'url': 'http://127.0.0.1:8000/api/users/22/', 'username': 'AutotestUser8'}" type="foritem">
<kw name="Log" library="BuiltIn">
<doc>Logs the given message with the given level.</doc>
<arguments>
<arg>${ELEMENT}</arg>
</arguments>
<msg level="INFO" timestamp="20180128 12:27:00.315">{'groups': [], 'email': 'AutotestUser@mail.ru', 'url': 'http://127.0.0.1:8000/api/users/22/', 'username': 'AutotestUser8'}</msg>
<status status="PASS" endtime="20180128 12:27:00.315" starttime="20180128 12:27:00.314"></status>
</kw>
<kw name="Get From Dictionary" library="Collections">
<doc>Returns a value from the given ``dictionary`` based on the given ``key``.</doc>
<arguments>
<arg>${ELEMENT}</arg>
<arg>username</arg>
</arguments>
<assign>
<var>${username}</var>
</assign>
<msg level="INFO" timestamp="20180128 12:27:00.317">${username} = AutotestUser8</msg>
<status status="PASS" endtime="20180128 12:27:00.317" starttime="20180128 12:27:00.316"></status>
</kw>
<kw name="Append To List" library="Collections">
<doc>Adds ``values`` to the end of ``list``.</doc>
<arguments>
<arg>${result}</arg>
<arg>${username}</arg>
</arguments>
<status status="PASS" endtime="20180128 12:27:00.318" starttime="20180128 12:27:00.317"></status>
</kw>
<status status="PASS" endtime="20180128 12:27:00.318" starttime="20180128 12:27:00.314"></status>
</kw>
<kw name="${ELEMENT} = {'groups': [], 'email': 'AutotestUser@mail.ru', 'url': 'http://127.0.0.1:8000/api/users/21/', 'username': 'AutotestUser7'}" type="foritem">
<kw name="Log" library="BuiltIn">
<doc>Logs the given message with the given level.</doc>
<arguments>
<arg>${ELEMENT}</arg>
</arguments>
<msg level="INFO" timestamp="20180128 12:27:00.319">{'groups': [], 'email': 'AutotestUser@mail.ru', 'url': 'http://127.0.0.1:8000/api/users/21/', 'username': 'AutotestUser7'}</msg>
<status status="PASS" endtime="20180128 12:27:00.319" starttime="20180128 12:27:00.318"></status>
</kw>
<kw name="Get From Dictionary" library="Collections">
<doc>Returns a value from the given ``dictionary`` based on the given ``key``.</doc>
<arguments>
<arg>${ELEMENT}</arg>
<arg>username</arg>
</arguments>
<assign>
<var>${username}</var>
</assign>
<msg level="INFO" timestamp="20180128 12:27:00.320">${username} = AutotestUser7</msg>
<status status="PASS" endtime="20180128 12:27:00.320" starttime="20180128 12:27:00.319"></status>
</kw>
<kw name="Append To List" library="Collections">
<doc>Adds ``values`` to the end of ``list``.</doc>
<arguments>
<arg>${result}</arg>
<arg>${username}</arg>
</arguments>
<status status="PASS" endtime="20180128 12:27:00.320" starttime="20180128 12:27:00.320"></status>
</kw>
<status status="PASS" endtime="20180128 12:27:00.320" starttime="20180128 12:27:00.318"></status>
</kw>
<kw name="${ELEMENT} = {'groups': [], 'email': 'AutotestUser@mail.ru', 'url': 'http://127.0.0.1:8000/api/users/8/', 'username': 'AutotestUser1'}" type="foritem">
<kw name="Log" library="BuiltIn">
<doc>Logs the given message with the given level.</doc>
<arguments>
<arg>${ELEMENT}</arg>
</arguments>
<msg level="INFO" timestamp="20180128 12:27:00.321">{'groups': [], 'email': 'AutotestUser@mail.ru', 'url': 'http://127.0.0.1:8000/api/users/8/', 'username': 'AutotestUser1'}</msg>
<status status="PASS" endtime="20180128 12:27:00.321" starttime="20180128 12:27:00.320"></status>
</kw>
<kw name="Get From Dictionary" library="Collections">
<doc>Returns a value from the given ``dictionary`` based on the given ``key``.</doc>
<arguments>
<arg>${ELEMENT}</arg>
<arg>username</arg>
</arguments>
<assign>
<var>${username}</var>
</assign>
<msg level="INFO" timestamp="20180128 12:27:00.322">${username} = AutotestUser1</msg>
<status status="PASS" endtime="20180128 12:27:00.322" starttime="20180128 12:27:00.321"></status>
</kw>
<kw name="Append To List" library="Collections">
<doc>Adds ``values`` to the end of ``list``.</doc>
<arguments>
<arg>${result}</arg>
<arg>${username}</arg>
</arguments>
<status status="PASS" endtime="20180128 12:27:00.322" starttime="20180128 12:27:00.322"></status>
</kw>
<status status="PASS" endtime="20180128 12:27:00.322" starttime="20180128 12:27:00.320"></status>
</kw>
<kw name="${ELEMENT} = {'groups': [], 'email': '', 'url': 'http://127.0.0.1:8000/api/users/2/', 'username': 'User1'}" type="foritem">
<kw name="Log" library="BuiltIn">
<doc>Logs the given message with the given level.</doc>
<arguments>
<arg>${ELEMENT}</arg>
</arguments>
<msg level="INFO" timestamp="20180128 12:27:00.323">{'groups': [], 'email': '', 'url': 'http://127.0.0.1:8000/api/users/2/', 'username': 'User1'}</msg>
<status status="PASS" endtime="20180128 12:27:00.323" starttime="20180128 12:27:00.322"></status>
</kw>
<kw name="Get From Dictionary" library="Collections">
<doc>Returns a value from the given ``dictionary`` based on the given ``key``.</doc>
<arguments>
<arg>${ELEMENT}</arg>
<arg>username</arg>
</arguments>
<assign>
<var>${username}</var>
</assign>
<msg level="INFO" timestamp="20180128 12:27:00.323">${username} = User1</msg>
<status status="PASS" endtime="20180128 12:27:00.323" starttime="20180128 12:27:00.323"></status>
</kw>
<kw name="Append To List" library="Collections">
<doc>Adds ``values`` to the end of ``list``.</doc>
<arguments>
<arg>${result}</arg>
<arg>${username}</arg>
</arguments>
<status status="PASS" endtime="20180128 12:27:00.324" starttime="20180128 12:27:00.323"></status>
</kw>
<status status="PASS" endtime="20180128 12:27:00.324" starttime="20180128 12:27:00.322"></status>
</kw>
<kw name="${ELEMENT} = {'groups': [], 'email': 'admin@gmail.com', 'url': 'http://127.0.0.1:8000/api/users/1/', 'username': 'admin'}" type="foritem">
<kw name="Log" library="BuiltIn">
<doc>Logs the given message with the given level.</doc>
<arguments>
<arg>${ELEMENT}</arg>
</arguments>
<msg level="INFO" timestamp="20180128 12:27:00.324">{'groups': [], 'email': 'admin@gmail.com', 'url': 'http://127.0.0.1:8000/api/users/1/', 'username': 'admin'}</msg>
<status status="PASS" endtime="20180128 12:27:00.324" starttime="20180128 12:27:00.324"></status>
</kw>
<kw name="Get From Dictionary" library="Collections">
<doc>Returns a value from the given ``dictionary`` based on the given ``key``.</doc>
<arguments>
<arg>${ELEMENT}</arg>
<arg>username</arg>
</arguments>
<assign>
<var>${username}</var>
</assign>
<msg level="INFO" timestamp="20180128 12:27:00.325">${username} = admin</msg>
<status status="PASS" endtime="20180128 12:27:00.325" starttime="20180128 12:27:00.325"></status>
</kw>
<kw name="Append To List" library="Collections">
<doc>Adds ``values`` to the end of ``list``.</doc>
<arguments>
<arg>${result}</arg>
<arg>${username}</arg>
</arguments>
<status status="PASS" endtime="20180128 12:27:00.325" starttime="20180128 12:27:00.325"></status>
</kw>
<status status="PASS" endtime="20180128 12:27:00.326" starttime="20180128 12:27:00.324"></status>
</kw>
<status status="PASS" endtime="20180128 12:27:00.326" starttime="20180128 12:27:00.280"></status>
</kw>
<kw name="Sort List" library="Collections">
<doc>Sorts the given list in place.</doc>
<arguments>
<arg>${result}</arg>
</arguments>
<status status="PASS" endtime="20180128 12:27:00.326" starttime="20180128 12:27:00.326"></status>
</kw>
<kw name="Log" library="BuiltIn">
<doc>Logs the given message with the given level.</doc>
<arguments>
<arg>${result}</arg>
</arguments>
<msg level="INFO" timestamp="20180128 12:27:00.326">['AutotestUser', 'AutotestUser1', 'AutotestUser7', 'AutotestUser8', 'AutotestUser9', 'AutotestUsere', 'AutotestUseri', 'AutotestUserq', 'AutotestUserr', 'AutotestUserrr', 'AutotestUserw', 'AutotestUserx', 'AutotestUsery', 'AutotestUserz', 'User1', 'admin', 'asdasd']</msg>
<status status="PASS" endtime="20180128 12:27:00.326" starttime="20180128 12:27:00.326"></status>
</kw>
<msg level="INFO" timestamp="20180128 12:27:00.327">${actualList} = ['AutotestUser', 'AutotestUser1', 'AutotestUser7', 'AutotestUser8', 'AutotestUser9', 'AutotestUsere', 'AutotestUseri', 'AutotestUserq', 'AutotestUserr', 'AutotestUserrr', 'AutotestUserw', 'AutotestUse...</msg>
<status status="PASS" endtime="20180128 12:27:00.327" starttime="20180128 12:27:00.278"></status>
</kw>
<kw name="Query" library="DatabaseLibrary">
<doc>Uses the input `selectStatement` to query for the values that will be returned as a list of tuples. Set optional</doc>
<arguments>
<arg>SELECT * FROM auth_user;</arg>
</arguments>
<assign>
<var>@{db}</var>
</assign>
<msg level="INFO" timestamp="20180128 12:27:00.328">Executing : Query  |  SELECT * FROM auth_user; </msg>
<msg level="INFO" timestamp="20180128 12:27:00.329">@{db} = [ (1, 'pbkdf2_sha256$100000$1r1FHHh3KyYO$wjZG6R9BwADA+nWNMrFmUpk4jb94Tqg8xw3NwVl4Br4=', '2018-01-27 17:05:29.929054', 1, 'admin', '', 'admin@gmail.com', 1, 1, '2018-01-10 04:46:12.964095', '') | (2, '...</msg>
<status status="PASS" endtime="20180128 12:27:00.329" starttime="20180128 12:27:00.327"></status>
</kw>
<kw name="Create expected result lis">
<arguments>
<arg>@{db}</arg>
</arguments>
<assign>
<var>${expectedlList}</var>
</assign>
<kw name="Create List" library="BuiltIn">
<doc>Returns a list containing given items.</doc>
<assign>
<var>${result}</var>
</assign>
<msg level="INFO" timestamp="20180128 12:27:00.331">${result} = []</msg>
<status status="PASS" endtime="20180128 12:27:00.331" starttime="20180128 12:27:00.330"></status>
</kw>
<kw name="${ELEMENT} IN [ @{db} ]" type="for">
<kw name="${ELEMENT} = (1, 'pbkdf2_sha256$100000$1r1FHHh3KyYO$wjZG6R9BwADA+nWNMrFmUpk4jb94Tqg8xw3NwVl4Br4=', '2018-01-27 17:05:29.929054', 1, 'admin', '', 'admin@gmail.com', 1, 1, '2018-01-10 04:46:12.964095', '')" type="foritem">
<kw name="Log" library="BuiltIn">
<doc>Logs the given message with the given level.</doc>
<arguments>
<arg>${ELEMENT}</arg>
</arguments>
<msg level="INFO" timestamp="20180128 12:27:00.332">(1, 'pbkdf2_sha256$100000$1r1FHHh3KyYO$wjZG6R9BwADA+nWNMrFmUpk4jb94Tqg8xw3NwVl4Br4=', '2018-01-27 17:05:29.929054', 1, 'admin', '', 'admin@gmail.com', 1, 1, '2018-01-10 04:46:12.964095', '')</msg>
<status status="PASS" endtime="20180128 12:27:00.333" starttime="20180128 12:27:00.332"></status>
</kw>
<kw name="Append To List" library="Collections">
<doc>Adds ``values`` to the end of ``list``.</doc>
<arguments>
<arg>${result}</arg>
<arg>${ELEMENT[4]}</arg>
</arguments>
<status status="PASS" endtime="20180128 12:27:00.334" starttime="20180128 12:27:00.333"></status>
</kw>
<status status="PASS" endtime="20180128 12:27:00.334" starttime="20180128 12:27:00.331"></status>
</kw>
<kw name="${ELEMENT} = (2, 'pbkdf2_sha256$100000$1UiM1jYH833z$bLcomOvq0Z+uOEnkTRoVU97yyr0H2dsIoD130Dx0NGc=', None, 0, 'User1', '', '', 0, 1, '2018-01-10 05:39:11.185890', '')" type="foritem">
<kw name="Log" library="BuiltIn">
<doc>Logs the given message with the given level.</doc>
<arguments>
<arg>${ELEMENT}</arg>
</arguments>
<msg level="INFO" timestamp="20180128 12:27:00.335">(2, 'pbkdf2_sha256$100000$1UiM1jYH833z$bLcomOvq0Z+uOEnkTRoVU97yyr0H2dsIoD130Dx0NGc=', None, 0, 'User1', '', '', 0, 1, '2018-01-10 05:39:11.185890', '')</msg>
<status status="PASS" endtime="20180128 12:27:00.335" starttime="20180128 12:27:00.334"></status>
</kw>
<kw name="Append To List" library="Collections">
<doc>Adds ``values`` to the end of ``list``.</doc>
<arguments>
<arg>${result}</arg>
<arg>${ELEMENT[4]}</arg>
</arguments>
<status status="PASS" endtime="20180128 12:27:00.336" starttime="20180128 12:27:00.335"></status>
</kw>
<status status="PASS" endtime="20180128 12:27:00.336" starttime="20180128 12:27:00.334"></status>
</kw>
<kw name="${ELEMENT} = (8, '', None, 0, 'AutotestUser1', '', 'AutotestUser@mail.ru', 0, 1, '2018-01-27 17:58:01.002557', '')" type="foritem">
<kw name="Log" library="BuiltIn">
<doc>Logs the given message with the given level.</doc>
<arguments>
<arg>${ELEMENT}</arg>
</arguments>
<msg level="INFO" timestamp="20180128 12:27:00.336">(8, '', None, 0, 'AutotestUser1', '', 'AutotestUser@mail.ru', 0, 1, '2018-01-27 17:58:01.002557', '')</msg>
<status status="PASS" endtime="20180128 12:27:00.336" starttime="20180128 12:27:00.336"></status>
</kw>
<kw name="Append To List" library="Collections">
<doc>Adds ``values`` to the end of ``list``.</doc>
<arguments>
<arg>${result}</arg>
<arg>${ELEMENT[4]}</arg>
</arguments>
<status status="PASS" endtime="20180128 12:27:00.337" starttime="20180128 12:27:00.336"></status>
</kw>
<status status="PASS" endtime="20180128 12:27:00.337" starttime="20180128 12:27:00.336"></status>
</kw>
<kw name="${ELEMENT} = (21, '', None, 0, 'AutotestUser7', '', 'AutotestUser@mail.ru', 0, 1, '2018-01-27 18:34:32.262947', '')" type="foritem">
<kw name="Log" library="BuiltIn">
<doc>Logs the given message with the given level.</doc>
<arguments>
<arg>${ELEMENT}</arg>
</arguments>
<msg level="INFO" timestamp="20180128 12:27:00.338">(21, '', None, 0, 'AutotestUser7', '', 'AutotestUser@mail.ru', 0, 1, '2018-01-27 18:34:32.262947', '')</msg>
<status status="PASS" endtime="20180128 12:27:00.338" starttime="20180128 12:27:00.337"></status>
</kw>
<kw name="Append To List" library="Collections">
<doc>Adds ``values`` to the end of ``list``.</doc>
<arguments>
<arg>${result}</arg>
<arg>${ELEMENT[4]}</arg>
</arguments>
<status status="PASS" endtime="20180128 12:27:00.338" starttime="20180128 12:27:00.338"></status>
</kw>
<status status="PASS" endtime="20180128 12:27:00.338" starttime="20180128 12:27:00.337"></status>
</kw>
<kw name="${ELEMENT} = (22, '', None, 0, 'AutotestUser8', '', 'AutotestUser@mail.ru', 0, 1, '2018-01-27 18:35:44.297548', '')" type="foritem">
<kw name="Log" library="BuiltIn">
<doc>Logs the given message with the given level.</doc>
<arguments>
<arg>${ELEMENT}</arg>
</arguments>
<msg level="INFO" timestamp="20180128 12:27:00.339">(22, '', None, 0, 'AutotestUser8', '', 'AutotestUser@mail.ru', 0, 1, '2018-01-27 18:35:44.297548', '')</msg>
<status status="PASS" endtime="20180128 12:27:00.339" starttime="20180128 12:27:00.339"></status>
</kw>
<kw name="Append To List" library="Collections">
<doc>Adds ``values`` to the end of ``list``.</doc>
<arguments>
<arg>${result}</arg>
<arg>${ELEMENT[4]}</arg>
</arguments>
<status status="PASS" endtime="20180128 12:27:00.341" starttime="20180128 12:27:00.339"></status>
</kw>
<status status="PASS" endtime="20180128 12:27:00.341" starttime="20180128 12:27:00.338"></status>
</kw>
<kw name="${ELEMENT} = (23, '', None, 0, 'AutotestUser9', '', 'AutotestUser@mail.ru', 0, 1, '2018-01-27 18:36:05.400820', '')" type="foritem">
<kw name="Log" library="BuiltIn">
<doc>Logs the given message with the given level.</doc>
<arguments>
<arg>${ELEMENT}</arg>
</arguments>
<msg level="INFO" timestamp="20180128 12:27:00.341">(23, '', None, 0, 'AutotestUser9', '', 'AutotestUser@mail.ru', 0, 1, '2018-01-27 18:36:05.400820', '')</msg>
<status status="PASS" endtime="20180128 12:27:00.341" starttime="20180128 12:27:00.341"></status>
</kw>
<kw name="Append To List" library="Collections">
<doc>Adds ``values`` to the end of ``list``.</doc>
<arguments>
<arg>${result}</arg>
<arg>${ELEMENT[4]}</arg>
</arguments>
<status status="PASS" endtime="20180128 12:27:00.342" starttime="20180128 12:27:00.342"></status>
</kw>
<status status="PASS" endtime="20180128 12:27:00.342" starttime="20180128 12:27:00.341"></status>
</kw>
<kw name="${ELEMENT} = (29, '', None, 0, 'AutotestUser', '', 'AutotestUser@mail.ru', 0, 1, '2018-01-27 18:43:17.467643', '')" type="foritem">
<kw name="Log" library="BuiltIn">
<doc>Logs the given message with the given level.</doc>
<arguments>
<arg>${ELEMENT}</arg>
</arguments>
<msg level="INFO" timestamp="20180128 12:27:00.343">(29, '', None, 0, 'AutotestUser', '', 'AutotestUser@mail.ru', 0, 1, '2018-01-27 18:43:17.467643', '')</msg>
<status status="PASS" endtime="20180128 12:27:00.343" starttime="20180128 12:27:00.342"></status>
</kw>
<kw name="Append To List" library="Collections">
<doc>Adds ``values`` to the end of ``list``.</doc>
<arguments>
<arg>${result}</arg>
<arg>${ELEMENT[4]}</arg>
</arguments>
<status status="PASS" endtime="20180128 12:27:00.343" starttime="20180128 12:27:00.343"></status>
</kw>
<status status="PASS" endtime="20180128 12:27:00.343" starttime="20180128 12:27:00.342"></status>
</kw>
<kw name="${ELEMENT} = (30, '', None, 0, 'asdasd', '', 'asd@mail.ru', 0, 1, '2018-01-27 18:44:28.231185', '')" type="foritem">
<kw name="Log" library="BuiltIn">
<doc>Logs the given message with the given level.</doc>
<arguments>
<arg>${ELEMENT}</arg>
</arguments>
<msg level="INFO" timestamp="20180128 12:27:00.344">(30, '', None, 0, 'asdasd', '', 'asd@mail.ru', 0, 1, '2018-01-27 18:44:28.231185', '')</msg>
<status status="PASS" endtime="20180128 12:27:00.345" starttime="20180128 12:27:00.344"></status>
</kw>
<kw name="Append To List" library="Collections">
<doc>Adds ``values`` to the end of ``list``.</doc>
<arguments>
<arg>${result}</arg>
<arg>${ELEMENT[4]}</arg>
</arguments>
<status status="PASS" endtime="20180128 12:27:00.346" starttime="20180128 12:27:00.345"></status>
</kw>
<status status="PASS" endtime="20180128 12:27:00.346" starttime="20180128 12:27:00.343"></status>
</kw>
<kw name="${ELEMENT} = (31, '', None, 0, 'AutotestUserq', '', 'AutotestUser@mail.ru', 0, 1, '2018-01-27 18:45:27.970617', '')" type="foritem">
<kw name="Log" library="BuiltIn">
<doc>Logs the given message with the given level.</doc>
<arguments>
<arg>${ELEMENT}</arg>
</arguments>
<msg level="INFO" timestamp="20180128 12:27:00.347">(31, '', None, 0, 'AutotestUserq', '', 'AutotestUser@mail.ru', 0, 1, '2018-01-27 18:45:27.970617', '')</msg>
<status status="PASS" endtime="20180128 12:27:00.347" starttime="20180128 12:27:00.346"></status>
</kw>
<kw name="Append To List" library="Collections">
<doc>Adds ``values`` to the end of ``list``.</doc>
<arguments>
<arg>${result}</arg>
<arg>${ELEMENT[4]}</arg>
</arguments>
<status status="PASS" endtime="20180128 12:27:00.348" starttime="20180128 12:27:00.347"></status>
</kw>
<status status="PASS" endtime="20180128 12:27:00.348" starttime="20180128 12:27:00.346"></status>
</kw>
<kw name="${ELEMENT} = (32, '', None, 0, 'AutotestUserw', '', 'AutotestUser@mail.ru', 0, 1, '2018-01-27 18:46:52.249021', '')" type="foritem">
<kw name="Log" library="BuiltIn">
<doc>Logs the given message with the given level.</doc>
<arguments>
<arg>${ELEMENT}</arg>
</arguments>
<msg level="INFO" timestamp="20180128 12:27:00.350">(32, '', None, 0, 'AutotestUserw', '', 'AutotestUser@mail.ru', 0, 1, '2018-01-27 18:46:52.249021', '')</msg>
<status status="PASS" endtime="20180128 12:27:00.350" starttime="20180128 12:27:00.349"></status>
</kw>
<kw name="Append To List" library="Collections">
<doc>Adds ``values`` to the end of ``list``.</doc>
<arguments>
<arg>${result}</arg>
<arg>${ELEMENT[4]}</arg>
</arguments>
<status status="PASS" endtime="20180128 12:27:00.351" starttime="20180128 12:27:00.350"></status>
</kw>
<status status="PASS" endtime="20180128 12:27:00.351" starttime="20180128 12:27:00.348"></status>
</kw>
<kw name="${ELEMENT} = (33, '', None, 0, 'AutotestUsere', '', 'AutotestUser@mail.ru', 0, 1, '2018-01-27 18:47:23.685678', '')" type="foritem">
<kw name="Log" library="BuiltIn">
<doc>Logs the given message with the given level.</doc>
<arguments>
<arg>${ELEMENT}</arg>
</arguments>
<msg level="INFO" timestamp="20180128 12:27:00.352">(33, '', None, 0, 'AutotestUsere', '', 'AutotestUser@mail.ru', 0, 1, '2018-01-27 18:47:23.685678', '')</msg>
<status status="PASS" endtime="20180128 12:27:00.352" starttime="20180128 12:27:00.351"></status>
</kw>
<kw name="Append To List" library="Collections">
<doc>Adds ``values`` to the end of ``list``.</doc>
<arguments>
<arg>${result}</arg>
<arg>${ELEMENT[4]}</arg>
</arguments>
<status status="PASS" endtime="20180128 12:27:00.352" starttime="20180128 12:27:00.352"></status>
</kw>
<status status="PASS" endtime="20180128 12:27:00.352" starttime="20180128 12:27:00.351"></status>
</kw>
<kw name="${ELEMENT} = (34, '', None, 0, 'AutotestUserr', '', 'AutotestUser@mail.ru', 0, 1, '2018-01-27 18:48:58.569182', '')" type="foritem">
<kw name="Log" library="BuiltIn">
<doc>Logs the given message with the given level.</doc>
<arguments>
<arg>${ELEMENT}</arg>
</arguments>
<msg level="INFO" timestamp="20180128 12:27:00.353">(34, '', None, 0, 'AutotestUserr', '', 'AutotestUser@mail.ru', 0, 1, '2018-01-27 18:48:58.569182', '')</msg>
<status status="PASS" endtime="20180128 12:27:00.353" starttime="20180128 12:27:00.353"></status>
</kw>
<kw name="Append To List" library="Collections">
<doc>Adds ``values`` to the end of ``list``.</doc>
<arguments>
<arg>${result}</arg>
<arg>${ELEMENT[4]}</arg>
</arguments>
<status status="PASS" endtime="20180128 12:27:00.354" starttime="20180128 12:27:00.353"></status>
</kw>
<status status="PASS" endtime="20180128 12:27:00.354" starttime="20180128 12:27:00.353"></status>
</kw>
<kw name="${ELEMENT} = (35, '', None, 0, 'AutotestUserrr', '', 'AutotestUser@mail.ru', 0, 1, '2018-01-27 18:49:19.997892', '')" type="foritem">
<kw name="Log" library="BuiltIn">
<doc>Logs the given message with the given level.</doc>
<arguments>
<arg>${ELEMENT}</arg>
</arguments>
<msg level="INFO" timestamp="20180128 12:27:00.354">(35, '', None, 0, 'AutotestUserrr', '', 'AutotestUser@mail.ru', 0, 1, '2018-01-27 18:49:19.997892', '')</msg>
<status status="PASS" endtime="20180128 12:27:00.354" starttime="20180128 12:27:00.354"></status>
</kw>
<kw name="Append To List" library="Collections">
<doc>Adds ``values`` to the end of ``list``.</doc>
<arguments>
<arg>${result}</arg>
<arg>${ELEMENT[4]}</arg>
</arguments>
<status status="PASS" endtime="20180128 12:27:00.355" starttime="20180128 12:27:00.354"></status>
</kw>
<status status="PASS" endtime="20180128 12:27:00.355" starttime="20180128 12:27:00.354"></status>
</kw>
<kw name="${ELEMENT} = (36, '', None, 0, 'AutotestUsery', '', 'AutotestUser@mail.ru', 0, 1, '2018-01-27 18:51:35.443268', '')" type="foritem">
<kw name="Log" library="BuiltIn">
<doc>Logs the given message with the given level.</doc>
<arguments>
<arg>${ELEMENT}</arg>
</arguments>
<msg level="INFO" timestamp="20180128 12:27:00.355">(36, '', None, 0, 'AutotestUsery', '', 'AutotestUser@mail.ru', 0, 1, '2018-01-27 18:51:35.443268', '')</msg>
<status status="PASS" endtime="20180128 12:27:00.355" starttime="20180128 12:27:00.355"></status>
</kw>
<kw name="Append To List" library="Collections">
<doc>Adds ``values`` to the end of ``list``.</doc>
<arguments>
<arg>${result}</arg>
<arg>${ELEMENT[4]}</arg>
</arguments>
<status status="PASS" endtime="20180128 12:27:00.356" starttime="20180128 12:27:00.356"></status>
</kw>
<status status="PASS" endtime="20180128 12:27:00.356" starttime="20180128 12:27:00.355"></status>
</kw>
<kw name="${ELEMENT} = (37, '', None, 0, 'AutotestUserx', '', 'AutotestUser@mail.ru', 0, 1, '2018-01-27 18:52:25.320959', '')" type="foritem">
<kw name="Log" library="BuiltIn">
<doc>Logs the given message with the given level.</doc>
<arguments>
<arg>${ELEMENT}</arg>
</arguments>
<msg level="INFO" timestamp="20180128 12:27:00.357">(37, '', None, 0, 'AutotestUserx', '', 'AutotestUser@mail.ru', 0, 1, '2018-01-27 18:52:25.320959', '')</msg>
<status status="PASS" endtime="20180128 12:27:00.357" starttime="20180128 12:27:00.356"></status>
</kw>
<kw name="Append To List" library="Collections">
<doc>Adds ``values`` to the end of ``list``.</doc>
<arguments>
<arg>${result}</arg>
<arg>${ELEMENT[4]}</arg>
</arguments>
<status status="PASS" endtime="20180128 12:27:00.357" starttime="20180128 12:27:00.357"></status>
</kw>
<status status="PASS" endtime="20180128 12:27:00.358" starttime="20180128 12:27:00.356"></status>
</kw>
<kw name="${ELEMENT} = (38, '', None, 0, 'AutotestUserz', '', 'AutotestUser@mail.ru', 0, 1, '2018-01-27 18:54:35.269705', '')" type="foritem">
<kw name="Log" library="BuiltIn">
<doc>Logs the given message with the given level.</doc>
<arguments>
<arg>${ELEMENT}</arg>
</arguments>
<msg level="INFO" timestamp="20180128 12:27:00.358">(38, '', None, 0, 'AutotestUserz', '', 'AutotestUser@mail.ru', 0, 1, '2018-01-27 18:54:35.269705', '')</msg>
<status status="PASS" endtime="20180128 12:27:00.358" starttime="20180128 12:27:00.358"></status>
</kw>
<kw name="Append To List" library="Collections">
<doc>Adds ``values`` to the end of ``list``.</doc>
<arguments>
<arg>${result}</arg>
<arg>${ELEMENT[4]}</arg>
</arguments>
<status status="PASS" endtime="20180128 12:27:00.359" starttime="20180128 12:27:00.358"></status>
</kw>
<status status="PASS" endtime="20180128 12:27:00.359" starttime="20180128 12:27:00.358"></status>
</kw>
<kw name="${ELEMENT} = (39, '', None, 0, 'AutotestUseri', '', 'AutotestUser@mail.ru', 0, 1, '2018-01-27 18:55:47.461558', '')" type="foritem">
<kw name="Log" library="BuiltIn">
<doc>Logs the given message with the given level.</doc>
<arguments>
<arg>${ELEMENT}</arg>
</arguments>
<msg level="INFO" timestamp="20180128 12:27:00.359">(39, '', None, 0, 'AutotestUseri', '', 'AutotestUser@mail.ru', 0, 1, '2018-01-27 18:55:47.461558', '')</msg>
<status status="PASS" endtime="20180128 12:27:00.359" starttime="20180128 12:27:00.359"></status>
</kw>
<kw name="Append To List" library="Collections">
<doc>Adds ``values`` to the end of ``list``.</doc>
<arguments>
<arg>${result}</arg>
<arg>${ELEMENT[4]}</arg>
</arguments>
<status status="PASS" endtime="20180128 12:27:00.360" starttime="20180128 12:27:00.359"></status>
</kw>
<status status="PASS" endtime="20180128 12:27:00.360" starttime="20180128 12:27:00.359"></status>
</kw>
<status status="PASS" endtime="20180128 12:27:00.360" starttime="20180128 12:27:00.331"></status>
</kw>
<kw name="Sort List" library="Collections">
<doc>Sorts the given list in place.</doc>
<arguments>
<arg>${result}</arg>
</arguments>
<status status="PASS" endtime="20180128 12:27:00.361" starttime="20180128 12:27:00.360"></status>
</kw>
<kw name="Log" library="BuiltIn">
<doc>Logs the given message with the given level.</doc>
<arguments>
<arg>${result}</arg>
</arguments>
<msg level="INFO" timestamp="20180128 12:27:00.362">['AutotestUser', 'AutotestUser1', 'AutotestUser7', 'AutotestUser8', 'AutotestUser9', 'AutotestUsere', 'AutotestUseri', 'AutotestUserq', 'AutotestUserr', 'AutotestUserrr', 'AutotestUserw', 'AutotestUserx', 'AutotestUsery', 'AutotestUserz', 'User1', 'admin', 'asdasd']</msg>
<status status="PASS" endtime="20180128 12:27:00.362" starttime="20180128 12:27:00.361"></status>
</kw>
<msg level="INFO" timestamp="20180128 12:27:00.362">${expectedlList} = ['AutotestUser', 'AutotestUser1', 'AutotestUser7', 'AutotestUser8', 'AutotestUser9', 'AutotestUsere', 'AutotestUseri', 'AutotestUserq', 'AutotestUserr', 'AutotestUserrr', 'AutotestUserw', 'AutotestUse...</msg>
<status status="PASS" endtime="20180128 12:27:00.362" starttime="20180128 12:27:00.329"></status>
</kw>
<kw name="Should Be Equal" library="BuiltIn">
<doc>Fails if the given objects are unequal.</doc>
<arguments>
<arg>${actualList}</arg>
<arg>${expectedlList}</arg>
</arguments>
<status status="PASS" endtime="20180128 12:27:00.363" starttime="20180128 12:27:00.363"></status>
</kw>
<doc>Получение списка пользователей</doc>
<tags>
<tag>user</tag>
</tags>
<timeout value="1 minute"></timeout>
<status status="PASS" endtime="20180128 12:27:00.364" critical="yes" starttime="20180128 12:27:00.234"></status>
</test>
<test name="Test creating new user" id="s1-s1-t2">
<kw name="Create user">
<assign>
<var>${json}</var>
</assign>
<kw name="Create Dictionary" library="BuiltIn">
<doc>Creates and returns a dictionary based on the given ``items``.</doc>
<arguments>
<arg>Content-Type=Application/json</arg>
<arg>Authorization=Token 90f65337e4fe9d821bd4a80b04cb6bf331bb60fe</arg>
</arguments>
<assign>
<var>${headers}</var>
</assign>
<msg level="INFO" timestamp="20180128 12:27:00.368">${headers} = {'Content-Type': 'Application/json', 'Authorization': 'Token 90f65337e4fe9d821bd4a80b04cb6bf331bb60fe'}</msg>
<status status="PASS" endtime="20180128 12:27:00.368" starttime="20180128 12:27:00.368"></status>
</kw>
<kw name="Create Dictionary" library="BuiltIn">
<doc>Creates and returns a dictionary based on the given ``items``.</doc>
<arguments>
<arg>username=${USER_NAME}</arg>
<arg>email=AutotestUser@mail.ru</arg>
</arguments>
<assign>
<var>${data}</var>
</assign>
<msg level="INFO" timestamp="20180128 12:27:00.369">${data} = {'username': 'AutotestUserg', 'email': 'AutotestUser@mail.ru'}</msg>
<status status="PASS" endtime="20180128 12:27:00.369" starttime="20180128 12:27:00.369"></status>
</kw>
<kw name="Dumps" library="json">
<doc>Serialize ``obj`` to a JSON formatted ``str``.</doc>
<arguments>
<arg>${data}</arg>
</arguments>
<assign>
<var>${req_json}</var>
</assign>
<msg level="INFO" timestamp="20180128 12:27:00.370">${req_json} = {"username": "AutotestUserg", "email": "AutotestUser@mail.ru"}</msg>
<status status="PASS" endtime="20180128 12:27:00.370" starttime="20180128 12:27:00.369"></status>
</kw>
<kw name="Post" library="requests">
<doc>Sends a POST request.</doc>
<arguments>
<arg>http://127.0.0.1:8000/api/users/</arg>
<arg>data=${req_json}</arg>
<arg>headers=${headers}</arg>
</arguments>
<assign>
<var>${response}</var>
</assign>
<msg level="INFO" timestamp="20180128 12:27:00.483">${response} = &lt;Response [201]&gt;</msg>
<status status="PASS" endtime="20180128 12:27:00.483" starttime="20180128 12:27:00.370"></status>
</kw>
<kw name="Set Variable" library="BuiltIn">
<doc>Returns the given values which can then be assigned to a variables.</doc>
<arguments>
<arg>${response.json()}</arg>
</arguments>
<assign>
<var>${json}</var>
</assign>
<msg level="INFO" timestamp="20180128 12:27:00.485">${json} = {'groups': [], 'email': 'AutotestUser@mail.ru', 'url': 'http://127.0.0.1:8000/api/users/67/', 'username': 'AutotestUserg'}</msg>
<status status="PASS" endtime="20180128 12:27:00.485" starttime="20180128 12:27:00.483"></status>
</kw>
<msg level="INFO" timestamp="20180128 12:27:00.485">${json} = {'groups': [], 'email': 'AutotestUser@mail.ru', 'url': 'http://127.0.0.1:8000/api/users/67/', 'username': 'AutotestUserg'}</msg>
<status status="PASS" endtime="20180128 12:27:00.486" starttime="20180128 12:27:00.367"></status>
</kw>
<kw name="Get From Dictionary" library="Collections">
<doc>Returns a value from the given ``dictionary`` based on the given ``key``.</doc>
<arguments>
<arg>${json}</arg>
<arg>username</arg>
</arguments>
<assign>
<var>${username}</var>
</assign>
<msg level="INFO" timestamp="20180128 12:27:00.487">${username} = AutotestUserg</msg>
<status status="PASS" endtime="20180128 12:27:00.487" starttime="20180128 12:27:00.486"></status>
</kw>
<kw name="Get From Dictionary" library="Collections">
<doc>Returns a value from the given ``dictionary`` based on the given ``key``.</doc>
<arguments>
<arg>${json}</arg>
<arg>url</arg>
</arguments>
<assign>
<var>${user_url}</var>
</assign>
<msg level="INFO" timestamp="20180128 12:27:00.489">${user_url} = http://127.0.0.1:8000/api/users/67/</msg>
<status status="PASS" endtime="20180128 12:27:00.489" starttime="20180128 12:27:00.488"></status>
</kw>
<kw name="Get user by name from db">
<arguments>
<arg>${username}</arg>
</arguments>
<assign>
<var>${username_db}</var>
</assign>
<kw name="Catenate" library="BuiltIn">
<doc>Catenates the given items together and returns the resulted string.</doc>
<arguments>
<arg>SELECT username FROM auth_user</arg>
<arg>Where username="${name}"</arg>
</arguments>
<assign>
<var>${sql}</var>
</assign>
<msg level="INFO" timestamp="20180128 12:27:00.491">${sql} = SELECT username FROM auth_user Where username="AutotestUserg"</msg>
<status status="PASS" endtime="20180128 12:27:00.491" starttime="20180128 12:27:00.490"></status>
</kw>
<kw name="Query" library="DatabaseLibrary">
<doc>Uses the input `selectStatement` to query for the values that will be returned as a list of tuples. Set optional</doc>
<arguments>
<arg>${sql}</arg>
</arguments>
<assign>
<var>${db}</var>
</assign>
<msg level="INFO" timestamp="20180128 12:27:00.492">Executing : Query  |  SELECT username FROM auth_user Where username="AutotestUserg" </msg>
<msg level="INFO" timestamp="20180128 12:27:00.492">${db} = [('AutotestUserg',)]</msg>
<status status="PASS" endtime="20180128 12:27:00.493" starttime="20180128 12:27:00.491"></status>
</kw>
<kw name="Get From List" library="Collections">
<doc>Returns the value specified with an ``index`` from ``list``.</doc>
<arguments>
<arg>${db}</arg>
<arg>0</arg>
</arguments>
<assign>
<var>${username_db}</var>
</assign>
<msg level="INFO" timestamp="20180128 12:27:00.495">${username_db} = ('AutotestUserg',)</msg>
<status status="PASS" endtime="20180128 12:27:00.495" starttime="20180128 12:27:00.493"></status>
</kw>
<kw name="Convert To List" library="Collections">
<doc>Converts the given ``item`` to a Python ``list`` type.</doc>
<arguments>
<arg>${username_db}</arg>
</arguments>
<assign>
<var>${username_db}</var>
</assign>
<msg level="INFO" timestamp="20180128 12:27:00.496">${username_db} = ['AutotestUserg']</msg>
<status status="PASS" endtime="20180128 12:27:00.496" starttime="20180128 12:27:00.496"></status>
</kw>
<kw name="Get From List" library="Collections">
<doc>Returns the value specified with an ``index`` from ``list``.</doc>
<arguments>
<arg>${username_db}</arg>
<arg>0</arg>
</arguments>
<assign>
<var>${username_db}</var>
</assign>
<msg level="INFO" timestamp="20180128 12:27:00.498">${username_db} = AutotestUserg</msg>
<status status="PASS" endtime="20180128 12:27:00.498" starttime="20180128 12:27:00.497"></status>
</kw>
<kw name="Log" library="BuiltIn">
<doc>Logs the given message with the given level.</doc>
<arguments>
<arg>${db}</arg>
</arguments>
<msg level="INFO" timestamp="20180128 12:27:00.499">[('AutotestUserg',)]</msg>
<status status="PASS" endtime="20180128 12:27:00.499" starttime="20180128 12:27:00.498"></status>
</kw>
<msg level="INFO" timestamp="20180128 12:27:00.500">${username_db} = AutotestUserg</msg>
<status status="PASS" endtime="20180128 12:27:00.500" starttime="20180128 12:27:00.489"></status>
</kw>
<kw name="Should Be Equal" library="BuiltIn">
<doc>Fails if the given objects are unequal.</doc>
<arguments>
<arg>${username}</arg>
<arg>${username_db}</arg>
</arguments>
<status status="PASS" endtime="20180128 12:27:00.501" starttime="20180128 12:27:00.500"></status>
</kw>
<kw name="Delete user by url">
<arguments>
<arg>${user_url}</arg>
</arguments>
<kw name="Create Dictionary" library="BuiltIn">
<doc>Creates and returns a dictionary based on the given ``items``.</doc>
<arguments>
<arg>Content-Type=Application/json</arg>
<arg>Authorization=Token 90f65337e4fe9d821bd4a80b04cb6bf331bb60fe</arg>
</arguments>
<assign>
<var>${headers}</var>
</assign>
<msg level="INFO" timestamp="20180128 12:27:00.503">${headers} = {'Content-Type': 'Application/json', 'Authorization': 'Token 90f65337e4fe9d821bd4a80b04cb6bf331bb60fe'}</msg>
<status status="PASS" endtime="20180128 12:27:00.503" starttime="20180128 12:27:00.503"></status>
</kw>
<kw name="Delete" library="requests">
<doc>Sends a DELETE request.</doc>
<arguments>
<arg>url=${url}</arg>
<arg>headers=${headers}</arg>
</arguments>
<assign>
<var>${response}</var>
</assign>
<msg level="INFO" timestamp="20180128 12:27:00.634">${response} = &lt;Response [204]&gt;</msg>
<status status="PASS" endtime="20180128 12:27:00.635" starttime="20180128 12:27:00.504"></status>
</kw>
<status status="PASS" endtime="20180128 12:27:00.635" starttime="20180128 12:27:00.502"></status>
</kw>
<doc>Создание пользователя</doc>
<tags>
<tag>user</tag>
</tags>
<timeout value="1 minute"></timeout>
<status status="PASS" endtime="20180128 12:27:00.635" critical="yes" starttime="20180128 12:27:00.364"></status>
</test>
<test name="Test deleting user" id="s1-s1-t3">
<kw name="Create user">
<assign>
<var>${json}</var>
</assign>
<kw name="Create Dictionary" library="BuiltIn">
<doc>Creates and returns a dictionary based on the given ``items``.</doc>
<arguments>
<arg>Content-Type=Application/json</arg>
<arg>Authorization=Token 90f65337e4fe9d821bd4a80b04cb6bf331bb60fe</arg>
</arguments>
<assign>
<var>${headers}</var>
</assign>
<msg level="INFO" timestamp="20180128 12:27:00.638">${headers} = {'Content-Type': 'Application/json', 'Authorization': 'Token 90f65337e4fe9d821bd4a80b04cb6bf331bb60fe'}</msg>
<status status="PASS" endtime="20180128 12:27:00.638" starttime="20180128 12:27:00.637"></status>
</kw>
<kw name="Create Dictionary" library="BuiltIn">
<doc>Creates and returns a dictionary based on the given ``items``.</doc>
<arguments>
<arg>username=${USER_NAME}</arg>
<arg>email=AutotestUser@mail.ru</arg>
</arguments>
<assign>
<var>${data}</var>
</assign>
<msg level="INFO" timestamp="20180128 12:27:00.639">${data} = {'username': 'AutotestUserg', 'email': 'AutotestUser@mail.ru'}</msg>
<status status="PASS" endtime="20180128 12:27:00.639" starttime="20180128 12:27:00.638"></status>
</kw>
<kw name="Dumps" library="json">
<doc>Serialize ``obj`` to a JSON formatted ``str``.</doc>
<arguments>
<arg>${data}</arg>
</arguments>
<assign>
<var>${req_json}</var>
</assign>
<msg level="INFO" timestamp="20180128 12:27:00.640">${req_json} = {"username": "AutotestUserg", "email": "AutotestUser@mail.ru"}</msg>
<status status="PASS" endtime="20180128 12:27:00.640" starttime="20180128 12:27:00.639"></status>
</kw>
<kw name="Post" library="requests">
<doc>Sends a POST request.</doc>
<arguments>
<arg>http://127.0.0.1:8000/api/users/</arg>
<arg>data=${req_json}</arg>
<arg>headers=${headers}</arg>
</arguments>
<assign>
<var>${response}</var>
</assign>
<msg level="INFO" timestamp="20180128 12:27:00.750">${response} = &lt;Response [201]&gt;</msg>
<status status="PASS" endtime="20180128 12:27:00.750" starttime="20180128 12:27:00.641"></status>
</kw>
<kw name="Set Variable" library="BuiltIn">
<doc>Returns the given values which can then be assigned to a variables.</doc>
<arguments>
<arg>${response.json()}</arg>
</arguments>
<assign>
<var>${json}</var>
</assign>
<msg level="INFO" timestamp="20180128 12:27:00.752">${json} = {'groups': [], 'email': 'AutotestUser@mail.ru', 'url': 'http://127.0.0.1:8000/api/users/68/', 'username': 'AutotestUserg'}</msg>
<status status="PASS" endtime="20180128 12:27:00.752" starttime="20180128 12:27:00.751"></status>
</kw>
<msg level="INFO" timestamp="20180128 12:27:00.752">${json} = {'groups': [], 'email': 'AutotestUser@mail.ru', 'url': 'http://127.0.0.1:8000/api/users/68/', 'username': 'AutotestUserg'}</msg>
<status status="PASS" endtime="20180128 12:27:00.752" starttime="20180128 12:27:00.636"></status>
</kw>
<kw name="Get From Dictionary" library="Collections">
<doc>Returns a value from the given ``dictionary`` based on the given ``key``.</doc>
<arguments>
<arg>${json}</arg>
<arg>url</arg>
</arguments>
<assign>
<var>${user_url}</var>
</assign>
<msg level="INFO" timestamp="20180128 12:27:00.754">${user_url} = http://127.0.0.1:8000/api/users/68/</msg>
<status status="PASS" endtime="20180128 12:27:00.754" starttime="20180128 12:27:00.753"></status>
</kw>
<kw name="Delete user by url">
<arguments>
<arg>${user_url}</arg>
</arguments>
<assign>
<var>${response}</var>
</assign>
<kw name="Create Dictionary" library="BuiltIn">
<doc>Creates and returns a dictionary based on the given ``items``.</doc>
<arguments>
<arg>Content-Type=Application/json</arg>
<arg>Authorization=Token 90f65337e4fe9d821bd4a80b04cb6bf331bb60fe</arg>
</arguments>
<assign>
<var>${headers}</var>
</assign>
<msg level="INFO" timestamp="20180128 12:27:00.759">${headers} = {'Content-Type': 'Application/json', 'Authorization': 'Token 90f65337e4fe9d821bd4a80b04cb6bf331bb60fe'}</msg>
<status status="PASS" endtime="20180128 12:27:00.760" starttime="20180128 12:27:00.755"></status>
</kw>
<kw name="Delete" library="requests">
<doc>Sends a DELETE request.</doc>
<arguments>
<arg>url=${url}</arg>
<arg>headers=${headers}</arg>
</arguments>
<assign>
<var>${response}</var>
</assign>
<msg level="INFO" timestamp="20180128 12:27:00.855">${response} = &lt;Response [204]&gt;</msg>
<status status="PASS" endtime="20180128 12:27:00.855" starttime="20180128 12:27:00.760"></status>
</kw>
<msg level="INFO" timestamp="20180128 12:27:00.856">${response} = &lt;Response [204]&gt;</msg>
<status status="PASS" endtime="20180128 12:27:00.856" starttime="20180128 12:27:00.754"></status>
</kw>
<kw name="Should Be Equal" library="BuiltIn">
<doc>Fails if the given objects are unequal.</doc>
<arguments>
<arg>${response.status_code}</arg>
<arg>${204}</arg>
</arguments>
<assign>
<var>${response}</var>
</assign>
<msg level="INFO" timestamp="20180128 12:27:00.857">${response} = None</msg>
<status status="PASS" endtime="20180128 12:27:00.858" starttime="20180128 12:27:00.856"></status>
</kw>
<doc>Удаление пользователя</doc>
<tags>
<tag>user</tag>
</tags>
<timeout value="1 minute"></timeout>
<status status="PASS" endtime="20180128 12:27:00.858" critical="yes" starttime="20180128 12:27:00.636"></status>
</test>
<test name="Test geting not exist user" id="s1-s1-t4">
<kw name="Get" library="requests">
<doc>Sends a GET request.</doc>
<arguments>
<arg>http://127.0.0.1:8000/api/users/-1/</arg>
</arguments>
<assign>
<var>${actual}</var>
</assign>
<msg level="INFO" timestamp="20180128 12:27:00.875">${actual} = &lt;Response [404]&gt;</msg>
<status status="PASS" endtime="20180128 12:27:00.875" starttime="20180128 12:27:00.861"></status>
</kw>
<kw name="Should Be Equal" library="BuiltIn">
<doc>Fails if the given objects are unequal.</doc>
<arguments>
<arg>${actual.status_code}</arg>
<arg>${404}</arg>
</arguments>
<status status="PASS" endtime="20180128 12:27:00.878" starttime="20180128 12:27:00.876"></status>
</kw>
<kw name="Set Variable" library="BuiltIn">
<doc>Returns the given values which can then be assigned to a variables.</doc>
<arguments>
<arg>${actual.json()}</arg>
</arguments>
<assign>
<var>${json}</var>
</assign>
<msg level="INFO" timestamp="20180128 12:27:00.880">${json} = {'detail': 'Не найдено.'}</msg>
<status status="PASS" endtime="20180128 12:27:00.880" starttime="20180128 12:27:00.878"></status>
</kw>
<kw name="Get From Dictionary" library="Collections">
<doc>Returns a value from the given ``dictionary`` based on the given ``key``.</doc>
<arguments>
<arg>${json}</arg>
<arg>detail</arg>
</arguments>
<assign>
<var>${detail}</var>
</assign>
<msg level="INFO" timestamp="20180128 12:27:00.881">${detail} = Не найдено.</msg>
<status status="PASS" endtime="20180128 12:27:00.882" starttime="20180128 12:27:00.881"></status>
</kw>
<kw name="Log" library="BuiltIn">
<doc>Logs the given message with the given level.</doc>
<arguments>
<arg>${detail}</arg>
</arguments>
<msg level="INFO" timestamp="20180128 12:27:00.883">Не найдено.</msg>
<status status="PASS" endtime="20180128 12:27:00.883" starttime="20180128 12:27:00.882"></status>
</kw>
<kw name="Should Be Equal" library="BuiltIn">
<doc>Fails if the given objects are unequal.</doc>
<arguments>
<arg>${detail}</arg>
<arg>${NOT_FOUND_MSG}</arg>
</arguments>
<status status="PASS" endtime="20180128 12:27:00.886" starttime="20180128 12:27:00.884"></status>
</kw>
<doc>Получение не существующего пользователя</doc>
<tags>
<tag>user</tag>
</tags>
<timeout value="1 minute"></timeout>
<status status="PASS" endtime="20180128 12:27:00.887" critical="yes" starttime="20180128 12:27:00.859"></status>
</test>
<kw name="Disconnect From Database" type="teardown" library="DatabaseLibrary">
<doc>Disconnects from the database.</doc>
<msg level="INFO" timestamp="20180128 12:27:00.888">Executing : Disconnect From Database</msg>
<status status="PASS" endtime="20180128 12:27:00.888" starttime="20180128 12:27:00.888"></status>
</kw>
<doc>Тестирование работы OAPI с объектами user</doc>
<status status="PASS" endtime="20180128 12:27:00.888" starttime="20180128 12:27:00.089"></status>
</suite>
<suite name="02 Events" id="s1-s2" source="/home/catherine/api+robot/webapi/webapi_tests/tests/02_events.robot">
<kw name="Connect To Database Using Custom Params" type="setup" library="DatabaseLibrary">
<doc>Loads the DB API 2.0 module given `dbapiModuleName` then uses it to</doc>
<arguments>
<arg>sqlite3</arg>
<arg>database='../../../db.sqlite3'</arg>
</arguments>
<msg level="INFO" timestamp="20180128 12:27:00.902">Executing : Connect To Database Using Custom Params : sqlite3.connect(db_api_2.connect(database='../../../db.sqlite3')) </msg>
<status status="PASS" endtime="20180128 12:27:00.902" starttime="20180128 12:27:00.902"></status>
</kw>
<test name="Test geting list of events" id="s1-s2-t1">
<kw name="Get" library="requests">
<doc>Sends a GET request.</doc>
<arguments>
<arg>http://127.0.0.1:8000/api/events/</arg>
</arguments>
<assign>
<var>${actual}</var>
</assign>
<msg level="INFO" timestamp="20180128 12:27:00.915">${actual} = &lt;Response [200]&gt;</msg>
<status status="PASS" endtime="20180128 12:27:00.915" starttime="20180128 12:27:00.903"></status>
</kw>
<kw name="Should Be Equal" library="BuiltIn">
<doc>Fails if the given objects are unequal.</doc>
<arguments>
<arg>${actual.status_code}</arg>
<arg>${200}</arg>
</arguments>
<status status="PASS" endtime="20180128 12:27:00.916" starttime="20180128 12:27:00.915"></status>
</kw>
<kw name="Set Variable" library="BuiltIn">
<doc>Returns the given values which can then be assigned to a variables.</doc>
<arguments>
<arg>${actual.json()}</arg>
</arguments>
<assign>
<var>@{json}</var>
</assign>
<msg level="INFO" timestamp="20180128 12:27:00.917">@{json} = [ {'id': 1, 'hazard_lvl': 'Критический', 'text': 'Внимание! Срочно провести эвакуацию!', 'title': 'Пожар!', 'author': 'http://127.0.0.1:8000/api/users/2/', 'event_date': '2018-01-13T13:47:43+03:00'} |...</msg>
<status status="PASS" endtime="20180128 12:27:00.917" starttime="20180128 12:27:00.916"></status>
</kw>
<kw name="Create actual result list">
<arguments>
<arg>@{json}</arg>
</arguments>
<assign>
<var>${actualList}</var>
</assign>
<kw name="Create List" library="BuiltIn">
<doc>Returns a list containing given items.</doc>
<assign>
<var>${result}</var>
</assign>
<msg level="INFO" timestamp="20180128 12:27:00.919">${result} = []</msg>
<status status="PASS" endtime="20180128 12:27:00.919" starttime="20180128 12:27:00.918"></status>
</kw>
<kw name="${ELEMENT} IN [ @{json} ]" type="for">
<kw name="${ELEMENT} = {'id': 1, 'hazard_lvl': 'Критический', 'text': 'Внимание! Срочно провести эвакуацию!', 'title': 'Пожар!', 'author': 'http://127.0.0.1:8000/api/users/2/', 'event_date': '2018-01-13T13:47:43+03:00'}" type="foritem">
<kw name="Log" library="BuiltIn">
<doc>Logs the given message with the given level.</doc>
<arguments>
<arg>${ELEMENT}</arg>
</arguments>
<msg level="INFO" timestamp="20180128 12:27:00.920">{'id': 1, 'hazard_lvl': 'Критический', 'text': 'Внимание! Срочно провести эвакуацию!', 'title': 'Пожар!', 'author': 'http://127.0.0.1:8000/api/users/2/', 'event_date': '2018-01-13T13:47:43+03:00'}</msg>
<status status="PASS" endtime="20180128 12:27:00.920" starttime="20180128 12:27:00.919"></status>
</kw>
<kw name="Get From Dictionary" library="Collections">
<doc>Returns a value from the given ``dictionary`` based on the given ``key``.</doc>
<arguments>
<arg>${ELEMENT}</arg>
<arg>title</arg>
</arguments>
<assign>
<var>${title}</var>
</assign>
<msg level="INFO" timestamp="20180128 12:27:00.920">${title} = Пожар!</msg>
<status status="PASS" endtime="20180128 12:27:00.920" starttime="20180128 12:27:00.920"></status>
</kw>
<kw name="Append To List" library="Collections">
<doc>Adds ``values`` to the end of ``list``.</doc>
<arguments>
<arg>${result}</arg>
<arg>${title}</arg>
</arguments>
<status status="PASS" endtime="20180128 12:27:00.921" starttime="20180128 12:27:00.921"></status>
</kw>
<status status="PASS" endtime="20180128 12:27:00.921" starttime="20180128 12:27:00.919"></status>
</kw>
<kw name="${ELEMENT} = {'id': 2, 'hazard_lvl': 'Низкий', 'text': 'Все желающие приглашаются на встречу с Папой.', 'title': 'Визит Папы Римского', 'author': 'http://127.0.0.1:8000/api/users/2/', 'event_date': '2018-01-12T18:..." type="foritem">
<kw name="Log" library="BuiltIn">
<doc>Logs the given message with the given level.</doc>
<arguments>
<arg>${ELEMENT}</arg>
</arguments>
<msg level="INFO" timestamp="20180128 12:27:00.922">{'id': 2, 'hazard_lvl': 'Низкий', 'text': 'Все желающие приглашаются на встречу с Папой.', 'title': 'Визит Папы Римского', 'author': 'http://127.0.0.1:8000/api/users/2/', 'event_date': '2018-01-12T18:00:00+03:00'}</msg>
<status status="PASS" endtime="20180128 12:27:00.922" starttime="20180128 12:27:00.921"></status>
</kw>
<kw name="Get From Dictionary" library="Collections">
<doc>Returns a value from the given ``dictionary`` based on the given ``key``.</doc>
<arguments>
<arg>${ELEMENT}</arg>
<arg>title</arg>
</arguments>
<assign>
<var>${title}</var>
</assign>
<msg level="INFO" timestamp="20180128 12:27:00.922">${title} = Визит Папы Римского</msg>
<status status="PASS" endtime="20180128 12:27:00.922" starttime="20180128 12:27:00.922"></status>
</kw>
<kw name="Append To List" library="Collections">
<doc>Adds ``values`` to the end of ``list``.</doc>
<arguments>
<arg>${result}</arg>
<arg>${title}</arg>
</arguments>
<status status="PASS" endtime="20180128 12:27:00.923" starttime="20180128 12:27:00.922"></status>
</kw>
<status status="PASS" endtime="20180128 12:27:00.923" starttime="20180128 12:27:00.921"></status>
</kw>
<kw name="${ELEMENT} = {'id': 3, 'hazard_lvl': 'Высокий', 'text': 'Пожалуйста воздержитесь от выхода на улицу.', 'title': 'Штормовое предупреждение', 'author': 'http://127.0.0.1:8000/api/users/1/', 'event_date': '2018-01-27..." type="foritem">
<kw name="Log" library="BuiltIn">
<doc>Logs the given message with the given level.</doc>
<arguments>
<arg>${ELEMENT}</arg>
</arguments>
<msg level="INFO" timestamp="20180128 12:27:00.923">{'id': 3, 'hazard_lvl': 'Высокий', 'text': 'Пожалуйста воздержитесь от выхода на улицу.', 'title': 'Штормовое предупреждение', 'author': 'http://127.0.0.1:8000/api/users/1/', 'event_date': '2018-01-27T16:49:15.389882+03:00'}</msg>
<status status="PASS" endtime="20180128 12:27:00.923" starttime="20180128 12:27:00.923"></status>
</kw>
<kw name="Get From Dictionary" library="Collections">
<doc>Returns a value from the given ``dictionary`` based on the given ``key``.</doc>
<arguments>
<arg>${ELEMENT}</arg>
<arg>title</arg>
</arguments>
<assign>
<var>${title}</var>
</assign>
<msg level="INFO" timestamp="20180128 12:27:00.924">${title} = Штормовое предупреждение</msg>
<status status="PASS" endtime="20180128 12:27:00.924" starttime="20180128 12:27:00.924"></status>
</kw>
<kw name="Append To List" library="Collections">
<doc>Adds ``values`` to the end of ``list``.</doc>
<arguments>
<arg>${result}</arg>
<arg>${title}</arg>
</arguments>
<status status="PASS" endtime="20180128 12:27:00.924" starttime="20180128 12:27:00.924"></status>
</kw>
<status status="PASS" endtime="20180128 12:27:00.925" starttime="20180128 12:27:00.923"></status>
</kw>
<kw name="${ELEMENT} = {'id': 15, 'hazard_lvl': 'Критический', 'text': 'text', 'title': 'title', 'author': 'http://127.0.0.1:8000/api/users/1/', 'event_date': '2018-01-13T10:47:43+03:00'}" type="foritem">
<kw name="Log" library="BuiltIn">
<doc>Logs the given message with the given level.</doc>
<arguments>
<arg>${ELEMENT}</arg>
</arguments>
<msg level="INFO" timestamp="20180128 12:27:00.925">{'id': 15, 'hazard_lvl': 'Критический', 'text': 'text', 'title': 'title', 'author': 'http://127.0.0.1:8000/api/users/1/', 'event_date': '2018-01-13T10:47:43+03:00'}</msg>
<status status="PASS" endtime="20180128 12:27:00.926" starttime="20180128 12:27:00.925"></status>
</kw>
<kw name="Get From Dictionary" library="Collections">
<doc>Returns a value from the given ``dictionary`` based on the given ``key``.</doc>
<arguments>
<arg>${ELEMENT}</arg>
<arg>title</arg>
</arguments>
<assign>
<var>${title}</var>
</assign>
<msg level="INFO" timestamp="20180128 12:27:00.927">${title} = title</msg>
<status status="PASS" endtime="20180128 12:27:00.927" starttime="20180128 12:27:00.926"></status>
</kw>
<kw name="Append To List" library="Collections">
<doc>Adds ``values`` to the end of ``list``.</doc>
<arguments>
<arg>${result}</arg>
<arg>${title}</arg>
</arguments>
<status status="PASS" endtime="20180128 12:27:00.927" starttime="20180128 12:27:00.927"></status>
</kw>
<status status="PASS" endtime="20180128 12:27:00.928" starttime="20180128 12:27:00.925"></status>
</kw>
<kw name="${ELEMENT} = {'id': 17, 'hazard_lvl': 'Критический', 'text': 'text', 'title': 'title', 'author': 'http://127.0.0.1:8000/api/users/1/', 'event_date': '2018-01-13T10:47:43+03:00'}" type="foritem">
<kw name="Log" library="BuiltIn">
<doc>Logs the given message with the given level.</doc>
<arguments>
<arg>${ELEMENT}</arg>
</arguments>
<msg level="INFO" timestamp="20180128 12:27:00.929">{'id': 17, 'hazard_lvl': 'Критический', 'text': 'text', 'title': 'title', 'author': 'http://127.0.0.1:8000/api/users/1/', 'event_date': '2018-01-13T10:47:43+03:00'}</msg>
<status status="PASS" endtime="20180128 12:27:00.929" starttime="20180128 12:27:00.928"></status>
</kw>
<kw name="Get From Dictionary" library="Collections">
<doc>Returns a value from the given ``dictionary`` based on the given ``key``.</doc>
<arguments>
<arg>${ELEMENT}</arg>
<arg>title</arg>
</arguments>
<assign>
<var>${title}</var>
</assign>
<msg level="INFO" timestamp="20180128 12:27:00.930">${title} = title</msg>
<status status="PASS" endtime="20180128 12:27:00.930" starttime="20180128 12:27:00.929"></status>
</kw>
<kw name="Append To List" library="Collections">
<doc>Adds ``values`` to the end of ``list``.</doc>
<arguments>
<arg>${result}</arg>
<arg>${title}</arg>
</arguments>
<status status="PASS" endtime="20180128 12:27:00.931" starttime="20180128 12:27:00.930"></status>
</kw>
<status status="PASS" endtime="20180128 12:27:00.931" starttime="20180128 12:27:00.928"></status>
</kw>
<status status="PASS" endtime="20180128 12:27:00.931" starttime="20180128 12:27:00.919"></status>
</kw>
<kw name="Sort List" library="Collections">
<doc>Sorts the given list in place.</doc>
<arguments>
<arg>${result}</arg>
</arguments>
<status status="PASS" endtime="20180128 12:27:00.932" starttime="20180128 12:27:00.932"></status>
</kw>
<kw name="Log" library="BuiltIn">
<doc>Logs the given message with the given level.</doc>
<arguments>
<arg>${result}</arg>
</arguments>
<msg level="INFO" timestamp="20180128 12:27:00.933">['title', 'title', 'Визит Папы Римского', 'Пожар!', 'Штормовое предупреждение']</msg>
<status status="PASS" endtime="20180128 12:27:00.933" starttime="20180128 12:27:00.932"></status>
</kw>
<msg level="INFO" timestamp="20180128 12:27:00.933">${actualList} = ['title', 'title', 'Визит Папы Римского', 'Пожар!', 'Штормовое предупреждение']</msg>
<status status="PASS" endtime="20180128 12:27:00.933" starttime="20180128 12:27:00.918"></status>
</kw>
<kw name="Log" library="BuiltIn">
<doc>Logs the given message with the given level.</doc>
<arguments>
<arg>${actualList}</arg>
</arguments>
<msg level="INFO" timestamp="20180128 12:27:00.933">['title', 'title', 'Визит Папы Римского', 'Пожар!', 'Штормовое предупреждение']</msg>
<status status="PASS" endtime="20180128 12:27:00.934" starttime="20180128 12:27:00.933"></status>
</kw>
<kw name="Query" library="DatabaseLibrary">
<doc>Uses the input `selectStatement` to query for the values that will be returned as a list of tuples. Set optional</doc>
<arguments>
<arg>SELECT * FROM webapi_event;</arg>
</arguments>
<assign>
<var>@{db}</var>
</assign>
<msg level="INFO" timestamp="20180128 12:27:00.934">Executing : Query  |  SELECT * FROM webapi_event; </msg>
<msg level="INFO" timestamp="20180128 12:27:00.935">@{db} = [ (1, 'Внимание! Срочно провести эвакуацию!', 'Критический', '2018-01-13 10:47:43', 2, 'Пожар!') | (2, 'Все желающие приглашаются на встречу с Папой.', 'Низкий', '2018-01-12 15:00:00', 2, 'Визит Папы ...</msg>
<status status="PASS" endtime="20180128 12:27:00.935" starttime="20180128 12:27:00.934"></status>
</kw>
<kw name="Create expected result lis">
<arguments>
<arg>@{db}</arg>
</arguments>
<assign>
<var>${expectedlList}</var>
</assign>
<kw name="Create List" library="BuiltIn">
<doc>Returns a list containing given items.</doc>
<assign>
<var>${result}</var>
</assign>
<msg level="INFO" timestamp="20180128 12:27:00.936">${result} = []</msg>
<status status="PASS" endtime="20180128 12:27:00.936" starttime="20180128 12:27:00.935"></status>
</kw>
<kw name="${ELEMENT} IN [ @{db} ]" type="for">
<kw name="${ELEMENT} = (1, 'Внимание! Срочно провести эвакуацию!', 'Критический', '2018-01-13 10:47:43', 2, 'Пожар!')" type="foritem">
<kw name="Log" library="BuiltIn">
<doc>Logs the given message with the given level.</doc>
<arguments>
<arg>${ELEMENT}</arg>
</arguments>
<msg level="INFO" timestamp="20180128 12:27:00.936">(1, 'Внимание! Срочно провести эвакуацию!', 'Критический', '2018-01-13 10:47:43', 2, 'Пожар!')</msg>
<status status="PASS" endtime="20180128 12:27:00.936" starttime="20180128 12:27:00.936"></status>
</kw>
<kw name="Append To List" library="Collections">
<doc>Adds ``values`` to the end of ``list``.</doc>
<arguments>
<arg>${result}</arg>
<arg>${ELEMENT[5]}</arg>
</arguments>
<status status="PASS" endtime="20180128 12:27:00.937" starttime="20180128 12:27:00.937"></status>
</kw>
<status status="PASS" endtime="20180128 12:27:00.937" starttime="20180128 12:27:00.936"></status>
</kw>
<kw name="${ELEMENT} = (2, 'Все желающие приглашаются на встречу с Папой.', 'Низкий', '2018-01-12 15:00:00', 2, 'Визит Папы Римского')" type="foritem">
<kw name="Log" library="BuiltIn">
<doc>Logs the given message with the given level.</doc>
<arguments>
<arg>${ELEMENT}</arg>
</arguments>
<msg level="INFO" timestamp="20180128 12:27:00.938">(2, 'Все желающие приглашаются на встречу с Папой.', 'Низкий', '2018-01-12 15:00:00', 2, 'Визит Папы Римского')</msg>
<status status="PASS" endtime="20180128 12:27:00.938" starttime="20180128 12:27:00.937"></status>
</kw>
<kw name="Append To List" library="Collections">
<doc>Adds ``values`` to the end of ``list``.</doc>
<arguments>
<arg>${result}</arg>
<arg>${ELEMENT[5]}</arg>
</arguments>
<status status="PASS" endtime="20180128 12:27:00.938" starttime="20180128 12:27:00.938"></status>
</kw>
<status status="PASS" endtime="20180128 12:27:00.938" starttime="20180128 12:27:00.937"></status>
</kw>
<kw name="${ELEMENT} = (3, 'Пожалуйста воздержитесь от выхода на улицу.', 'Высокий', '2018-01-27 13:49:15.389882', 1, 'Штормовое предупреждение')" type="foritem">
<kw name="Log" library="BuiltIn">
<doc>Logs the given message with the given level.</doc>
<arguments>
<arg>${ELEMENT}</arg>
</arguments>
<msg level="INFO" timestamp="20180128 12:27:00.939">(3, 'Пожалуйста воздержитесь от выхода на улицу.', 'Высокий', '2018-01-27 13:49:15.389882', 1, 'Штормовое предупреждение')</msg>
<status status="PASS" endtime="20180128 12:27:00.939" starttime="20180128 12:27:00.939"></status>
</kw>
<kw name="Append To List" library="Collections">
<doc>Adds ``values`` to the end of ``list``.</doc>
<arguments>
<arg>${result}</arg>
<arg>${ELEMENT[5]}</arg>
</arguments>
<status status="PASS" endtime="20180128 12:27:00.940" starttime="20180128 12:27:00.939"></status>
</kw>
<status status="PASS" endtime="20180128 12:27:00.940" starttime="20180128 12:27:00.939"></status>
</kw>
<kw name="${ELEMENT} = (15, 'text', 'Критический', '2018-01-13 07:47:43', 1, 'title')" type="foritem">
<kw name="Log" library="BuiltIn">
<doc>Logs the given message with the given level.</doc>
<arguments>
<arg>${ELEMENT}</arg>
</arguments>
<msg level="INFO" timestamp="20180128 12:27:00.941">(15, 'text', 'Критический', '2018-01-13 07:47:43', 1, 'title')</msg>
<status status="PASS" endtime="20180128 12:27:00.941" starttime="20180128 12:27:00.940"></status>
</kw>
<kw name="Append To List" library="Collections">
<doc>Adds ``values`` to the end of ``list``.</doc>
<arguments>
<arg>${result}</arg>
<arg>${ELEMENT[5]}</arg>
</arguments>
<status status="PASS" endtime="20180128 12:27:00.942" starttime="20180128 12:27:00.941"></status>
</kw>
<status status="PASS" endtime="20180128 12:27:00.942" starttime="20180128 12:27:00.940"></status>
</kw>
<kw name="${ELEMENT} = (17, 'text', 'Критический', '2018-01-13 07:47:43', 1, 'title')" type="foritem">
<kw name="Log" library="BuiltIn">
<doc>Logs the given message with the given level.</doc>
<arguments>
<arg>${ELEMENT}</arg>
</arguments>
<msg level="INFO" timestamp="20180128 12:27:00.944">(17, 'text', 'Критический', '2018-01-13 07:47:43', 1, 'title')</msg>
<status status="PASS" endtime="20180128 12:27:00.944" starttime="20180128 12:27:00.943"></status>
</kw>
<kw name="Append To List" library="Collections">
<doc>Adds ``values`` to the end of ``list``.</doc>
<arguments>
<arg>${result}</arg>
<arg>${ELEMENT[5]}</arg>
</arguments>
<status status="PASS" endtime="20180128 12:27:00.945" starttime="20180128 12:27:00.944"></status>
</kw>
[...]
</kw>
<kw name="Sort List" library="Collections">
<doc>Sorts the given list in place.</doc>
<arguments>
<arg>${result}</arg>
</arguments>
<status status="PASS" endtime="20180128 12:27:00.946" starttime="20180128 12:27:00.945"></status>
</kw>
<kw name="Log" library="BuiltIn">
<doc>Logs the given message with the given level.</doc>
<arguments>
<arg>${result}</arg>
</arguments>
<msg level="INFO" timestamp="20180128 12:27:00.947">['title', 'title', 'Визит Папы Римского', 'Пожар!', 'Штормовое предупреждение']</msg>
<status status="PASS" endtime="20180128 12:27:00.948" starttime="20180128 12:27:00.946"></status>
</kw>
<msg level="INFO" timestamp="20180128 12:27:00.948">${expectedlList} = ['title', 'title', 'Визит Папы Римского', 'Пожар!', 'Штормовое предупреждение']</msg>
<status status="PASS" endtime="20180128 12:27:00.948" starttime="20180128 12:27:00.935"></status>
</kw>
<kw name="Log" library="BuiltIn">
<doc>Logs the given message with the given level.</doc>
<arguments>
<arg>${expectedlList}</arg>
</arguments>
<msg level="INFO" timestamp="20180128 12:27:00.949">['title', 'title', 'Визит Папы Римского', 'Пожар!', 'Штормовое предупреждение']</msg>
<status status="PASS" endtime="20180128 12:27:00.949" starttime="20180128 12:27:00.949"></status>
</kw>
<kw name="Should Be Equal" library="BuiltIn">
<doc>Fails if the given objects are unequal.</doc>
<arguments>
<arg>${actualList}</arg>
<arg>${expectedlList}</arg>
</arguments>
<status status="PASS" endtime="20180128 12:27:00.950" starttime="20180128 12:27:00.949"></status>
</kw>
<doc>Получение списка событий</doc>
<tags>
<tag>event</tag>
</tags>
<timeout value="1 minute"></timeout>
<status status="PASS" endtime="20180128 12:27:00.950" critical="yes" starttime="20180128 12:27:00.902"></status>
</test>
<test name="Test geting not exist event" id="s1-s2-t2">
<kw name="Get" library="requests">
<doc>Sends a GET request.</doc>
<arguments>
<arg>http://127.0.0.1:8000/api/events/-1/</arg>
</arguments>
<assign>
<var>${actual}</var>
</assign>
<msg level="INFO" timestamp="20180128 12:27:00.958">${actual} = &lt;Response [404]&gt;</msg>
<status status="PASS" endtime="20180128 12:27:00.958" starttime="20180128 12:27:00.951"></status>
</kw>
<kw name="Should Be Equal" library="BuiltIn">
<doc>Fails if the given objects are unequal.</doc>
<arguments>
<arg>${actual.status_code}</arg>
<arg>${404}</arg>
</arguments>
<status status="PASS" endtime="20180128 12:27:00.960" starttime="20180128 12:27:00.959"></status>
</kw>
<kw name="Set Variable" library="BuiltIn">
<doc>Returns the given values which can then be assigned to a variables.</doc>
<arguments>
<arg>${actual.json()}</arg>
</arguments>
<assign>
<var>${json}</var>
</assign>
<msg level="INFO" timestamp="20180128 12:27:00.961">${json} = {'detail': 'Не найдено.'}</msg>
<status status="PASS" endtime="20180128 12:27:00.961" starttime="20180128 12:27:00.960"></status>
</kw>
<kw name="Get From Dictionary" library="Collections">
<doc>Returns a value from the given ``dictionary`` based on the given ``key``.</doc>
<arguments>
<arg>${json}</arg>
<arg>detail</arg>
</arguments>
<assign>
<var>${detail}</var>
</assign>
<msg level="INFO" timestamp="20180128 12:27:00.962">${detail} = Не найдено.</msg>
<status status="PASS" endtime="20180128 12:27:00.963" starttime="20180128 12:27:00.962"></status>
</kw>
<kw name="Log" library="BuiltIn">
<doc>Logs the given message with the given level.</doc>
<arguments>
<arg>${detail}</arg>
</arguments>
<msg level="INFO" timestamp="20180128 12:27:00.964">Не найдено.</msg>
<status status="PASS" endtime="20180128 12:27:00.964" starttime="20180128 12:27:00.963"></status>
</kw>
<kw name="Should Be Equal" library="BuiltIn">
<doc>Fails if the given objects are unequal.</doc>
<arguments>
<arg>${detail}</arg>
<arg>${NOT_FOUND_MSG}</arg>
</arguments>
<status status="PASS" endtime="20180128 12:27:00.965" starttime="20180128 12:27:00.965"></status>
</kw>
<doc>Получение не существующего события</doc>
<tags>
<tag>event</tag>
</tags>
<timeout value="1 minute"></timeout>
<status status="PASS" endtime="20180128 12:27:00.965" critical="yes" starttime="20180128 12:27:00.950"></status>
</test>
<test name="Test creating new event" id="s1-s2-t3">
<kw name="Create event">
<assign>
<var>${json}</var>
</assign>
<kw name="Create Dictionary" library="BuiltIn">
<doc>Creates and returns a dictionary based on the given ``items``.</doc>
<arguments>
<arg>Content-Type=Application/json</arg>
<arg>Authorization=${TOKEN}</arg>
</arguments>
<assign>
<var>${headers}</var>
</assign>
<msg level="INFO" timestamp="20180128 12:27:00.973">${headers} = {'Content-Type': 'Application/json', 'Authorization': 'Token 90f65337e4fe9d821bd4a80b04cb6bf331bb60fe'}</msg>
<status status="PASS" endtime="20180128 12:27:00.973" starttime="20180128 12:27:00.972"></status>
</kw>
<kw name="Create Dictionary" library="BuiltIn">
<doc>Creates and returns a dictionary based on the given ``items``.</doc>
<arguments>
<arg>title=title</arg>
<arg>text=text</arg>
<arg>author=${USER_URL}</arg>
<arg>hazard_lvl=Критический</arg>
<arg>event_date=2018-01-13 10:47:43</arg>
</arguments>
<assign>
<var>${data}</var>
</assign>
<msg level="INFO" timestamp="20180128 12:27:00.974">${data} = {'title': 'title', 'text': 'text', 'author': 'http://127.0.0.1:8000/api/users/1/', 'hazard_lvl': 'Критический', 'event_date': '2018-01-13 10:47:43'}</msg>
<status status="PASS" endtime="20180128 12:27:00.974" starttime="20180128 12:27:00.973"></status>
</kw>
<kw name="Dumps" library="json">
<doc>Serialize ``obj`` to a JSON formatted ``str``.</doc>
<arguments>
<arg>${data}</arg>
</arguments>
<assign>
<var>${req_json}</var>
</assign>
<msg level="INFO" timestamp="20180128 12:27:00.976">${req_json} = {"title": "title", "text": "text", "author": "http://127.0.0.1:8000/api/users/1/", "hazard_lvl": "\u041a\u0440\u0438\u0442\u0438\u0447\u0435\u0441\u043a\u0438\u0439", "event_date": "2018-01-13 10:47:4...</msg>
<status status="PASS" endtime="20180128 12:27:00.976" starttime="20180128 12:27:00.975"></status>
</kw>
<kw name="Post" library="requests">
<doc>Sends a POST request.</doc>
<arguments>
<arg>http://127.0.0.1:8000/api/events/</arg>
<arg>data=${req_json}</arg>
<arg>headers=${headers}</arg>
</arguments>
<assign>
<var>${response}</var>
</assign>
<msg level="INFO" timestamp="20180128 12:27:01.134">${response} = &lt;Response [201]&gt;</msg>
<status status="PASS" endtime="20180128 12:27:01.134" starttime="20180128 12:27:00.977"></status>
</kw>
<kw name="Set Variable" library="BuiltIn">
<doc>Returns the given values which can then be assigned to a variables.</doc>
<arguments>
<arg>${response.json()}</arg>
</arguments>
<assign>
<var>${json}</var>
</assign>
<msg level="INFO" timestamp="20180128 12:27:01.136">${json} = {'id': 28, 'hazard_lvl': 'Критический', 'text': 'text', 'title': 'title', 'author': 'http://127.0.0.1:8000/api/users/1/', 'event_date': '2018-01-13T10:47:43+03:00'}</msg>
<status status="PASS" endtime="20180128 12:27:01.136" starttime="20180128 12:27:01.135"></status>
</kw>
<msg level="INFO" timestamp="20180128 12:27:01.137">${json} = {'id': 28, 'hazard_lvl': 'Критический', 'text': 'text', 'title': 'title', 'author': 'http://127.0.0.1:8000/api/users/1/', 'event_date': '2018-01-13T10:47:43+03:00'}</msg>
<status status="PASS" endtime="20180128 12:27:01.137" starttime="20180128 12:27:00.971"></status>
</kw>
<kw name="Get From Dictionary" library="Collections">
<doc>Returns a value from the given ``dictionary`` based on the given ``key``.</doc>
<arguments>
<arg>${json}</arg>
<arg>title</arg>
</arguments>
<assign>
<var>${event_title}</var>
</assign>
<msg level="INFO" timestamp="20180128 12:27:01.138">${event_title} = title</msg>
<status status="PASS" endtime="20180128 12:27:01.138" starttime="20180128 12:27:01.137"></status>
</kw>
<kw name="Log" library="BuiltIn">
<doc>Logs the given message with the given level.</doc>
<arguments>
<arg>${event_title}</arg>
</arguments>
<msg level="INFO" timestamp="20180128 12:27:01.139">title</msg>
<status status="PASS" endtime="20180128 12:27:01.139" starttime="20180128 12:27:01.138"></status>
</kw>
<kw name="Get From Dictionary" library="Collections">
<doc>Returns a value from the given ``dictionary`` based on the given ``key``.</doc>
<arguments>
<arg>${json}</arg>
<arg>id</arg>
</arguments>
<assign>
<var>${event_id}</var>
</assign>
<msg level="INFO" timestamp="20180128 12:27:01.140">${event_id} = 28</msg>
<status status="PASS" endtime="20180128 12:27:01.140" starttime="20180128 12:27:01.139"></status>
</kw>
<kw name="Get event by id from db">
<arguments>
<arg>${event_id}</arg>
</arguments>
<assign>
<var>${event_title_db}</var>
</assign>
<kw name="Catenate" library="BuiltIn">
<doc>Catenates the given items together and returns the resulted string.</doc>
<arguments>
<arg>SELECT title FROM webapi_event</arg>
<arg>Where id="${id}"</arg>
</arguments>
<assign>
<var>${sql}</var>
</assign>
<msg level="INFO" timestamp="20180128 12:27:01.142">${sql} = SELECT title FROM webapi_event Where id="28"</msg>
<status status="PASS" endtime="20180128 12:27:01.142" starttime="20180128 12:27:01.141"></status>
</kw>
<kw name="Query" library="DatabaseLibrary">
<doc>Uses the input `selectStatement` to query for the values that will be returned as a list of tuples. Set optional</doc>
<arguments>
<arg>${sql}</arg>
</arguments>
<assign>
<var>${db}</var>
</assign>
<msg level="INFO" timestamp="20180128 12:27:01.143">Executing : Query  |  SELECT title FROM webapi_event Where id="28" </msg>
<msg level="INFO" timestamp="20180128 12:27:01.143">${db} = [('title',)]</msg>
<status status="PASS" endtime="20180128 12:27:01.144" starttime="20180128 12:27:01.142"></status>
</kw>
<kw name="Get From List" library="Collections">
<doc>Returns the value specified with an ``index`` from ``list``.</doc>
<arguments>
<arg>${db}</arg>
<arg>0</arg>
</arguments>
<assign>
<var>${title_db}</var>
</assign>
<msg level="INFO" timestamp="20180128 12:27:01.144">${title_db} = ('title',)</msg>
<status status="PASS" endtime="20180128 12:27:01.145" starttime="20180128 12:27:01.144"></status>
</kw>
<kw name="Convert To List" library="Collections">
<doc>Converts the given ``item`` to a Python ``list`` type.</doc>
<arguments>
<arg>${title_db}</arg>
</arguments>
<assign>
<var>${title_db}</var>
</assign>
<msg level="INFO" timestamp="20180128 12:27:01.146">${title_db} = ['title']</msg>
<status status="PASS" endtime="20180128 12:27:01.146" starttime="20180128 12:27:01.145"></status>
</kw>
<kw name="Get From List" library="Collections">
<doc>Returns the value specified with an ``index`` from ``list``.</doc>
<arguments>
<arg>${title_db}</arg>
<arg>0</arg>
</arguments>
<assign>
<var>${title_db}</var>
</assign>
<msg level="INFO" timestamp="20180128 12:27:01.147">${title_db} = title</msg>
<status status="PASS" endtime="20180128 12:27:01.147" starttime="20180128 12:27:01.147"></status>
</kw>
<kw name="Log" library="BuiltIn">
<doc>Logs the given message with the given level.</doc>
<arguments>
<arg>${db}</arg>
</arguments>
<msg level="INFO" timestamp="20180128 12:27:01.148">[('title',)]</msg>
<status status="PASS" endtime="20180128 12:27:01.148" starttime="20180128 12:27:01.148"></status>
</kw>
<msg level="INFO" timestamp="20180128 12:27:01.149">${event_title_db} = title</msg>
<status status="PASS" endtime="20180128 12:27:01.149" starttime="20180128 12:27:01.140"></status>
</kw>
<kw name="Log" library="BuiltIn">
<doc>Logs the given message with the given level.</doc>
<arguments>
<arg>${event_title_db}</arg>
</arguments>
<msg level="INFO" timestamp="20180128 12:27:01.150">title</msg>
<status status="PASS" endtime="20180128 12:27:01.150" starttime="20180128 12:27:01.149"></status>
</kw>
<kw name="Should Be Equal" library="BuiltIn">
<doc>Fails if the given objects are unequal.</doc>
<arguments>
<arg>${event_title}</arg>
<arg>${event_title_db}</arg>
</arguments>
<status status="PASS" endtime="20180128 12:27:01.151" starttime="20180128 12:27:01.151"></status>
</kw>
<kw name="Delete event by url">
<arguments>
<arg>${EVENT_URL}${event_id}/</arg>
</arguments>
<kw name="Create Dictionary" library="BuiltIn">
<doc>Creates and returns a dictionary based on the given ``items``.</doc>
<arguments>
<arg>Content-Type=Application/json</arg>
<arg>Authorization=${TOKEN}</arg>
</arguments>
<assign>
<var>${headers}</var>
</assign>
<msg level="INFO" timestamp="20180128 12:27:01.153">${headers} = {'Content-Type': 'Application/json', 'Authorization': 'Token 90f65337e4fe9d821bd4a80b04cb6bf331bb60fe'}</msg>
<status status="PASS" endtime="20180128 12:27:01.153" starttime="20180128 12:27:01.152"></status>
</kw>
<kw name="Delete" library="requests">
<doc>Sends a DELETE request.</doc>
<arguments>
<arg>url=${url}</arg>
<arg>headers=${headers}</arg>
</arguments>
<assign>
<var>${response}</var>
</assign>
<msg level="INFO" timestamp="20180128 12:27:01.248">${response} = &lt;Response [204]&gt;</msg>
<status status="PASS" endtime="20180128 12:27:01.248" starttime="20180128 12:27:01.153"></status>
</kw>
<kw name="Should Be Equal" library="BuiltIn">
<doc>Fails if the given objects are unequal.</doc>
<arguments>
<arg>${response.status_code}</arg>
<arg>${204}</arg>
</arguments>
<status status="PASS" endtime="20180128 12:27:01.249" starttime="20180128 12:27:01.248"></status>
</kw>
<status status="PASS" endtime="20180128 12:27:01.249" starttime="20180128 12:27:01.152"></status>
</kw>
<doc>Создание события</doc>
<tags>
<tag>event</tag>
</tags>
<timeout value="1 minute"></timeout>
<status status="PASS" endtime="20180128 12:27:01.249" critical="yes" starttime="20180128 12:27:00.970"></status>
</test>
<test name="Test deleting event" id="s1-s2-t4">
<kw name="Create event">
<assign>
<var>${json}</var>
</assign>
<kw name="Create Dictionary" library="BuiltIn">
<doc>Creates and returns a dictionary based on the given ``items``.</doc>
<arguments>
<arg>Content-Type=Application/json</arg>
<arg>Authorization=${TOKEN}</arg>
</arguments>
<assign>
<var>${headers}</var>
</assign>
<msg level="INFO" timestamp="20180128 12:27:01.253">${headers} = {'Content-Type': 'Application/json', 'Authorization': 'Token 90f65337e4fe9d821bd4a80b04cb6bf331bb60fe'}</msg>
<status status="PASS" endtime="20180128 12:27:01.254" starttime="20180128 12:27:01.253"></status>
</kw>
<kw name="Create Dictionary" library="BuiltIn">
<doc>Creates and returns a dictionary based on the given ``items``.</doc>
<arguments>
<arg>title=title</arg>
<arg>text=text</arg>
<arg>author=${USER_URL}</arg>
<arg>hazard_lvl=Критический</arg>
<arg>event_date=2018-01-13 10:47:43</arg>
</arguments>
<assign>
<var>${data}</var>
</assign>
<msg level="INFO" timestamp="20180128 12:27:01.255">${data} = {'title': 'title', 'text': 'text', 'author': 'http://127.0.0.1:8000/api/users/1/', 'hazard_lvl': 'Критический', 'event_date': '2018-01-13 10:47:43'}</msg>
<status status="PASS" endtime="20180128 12:27:01.255" starttime="20180128 12:27:01.254"></status>
</kw>
<kw name="Dumps" library="json">
<doc>Serialize ``obj`` to a JSON formatted ``str``.</doc>
<arguments>
<arg>${data}</arg>
</arguments>
<assign>
<var>${req_json}</var>
</assign>
<msg level="INFO" timestamp="20180128 12:27:01.256">${req_json} = {"title": "title", "text": "text", "author": "http://127.0.0.1:8000/api/users/1/", "hazard_lvl": "\u041a\u0440\u0438\u0442\u0438\u0447\u0435\u0441\u043a\u0438\u0439", "event_date": "2018-01-13 10:47:4...</msg>
<status status="PASS" endtime="20180128 12:27:01.257" starttime="20180128 12:27:01.255"></status>
</kw>
<kw name="Post" library="requests">
<doc>Sends a POST request.</doc>
<arguments>
<arg>http://127.0.0.1:8000/api/events/</arg>
<arg>data=${req_json}</arg>
<arg>headers=${headers}</arg>
</arguments>
<assign>
<var>${response}</var>
</assign>
<msg level="INFO" timestamp="20180128 12:27:01.366">${response} = &lt;Response [201]&gt;</msg>
<status status="PASS" endtime="20180128 12:27:01.366" starttime="20180128 12:27:01.257"></status>
</kw>
<kw name="Set Variable" library="BuiltIn">
<doc>Returns the given values which can then be assigned to a variables.</doc>
<arguments>
<arg>${response.json()}</arg>
</arguments>
<assign>
<var>${json}</var>
</assign>
<msg level="INFO" timestamp="20180128 12:27:01.367">${json} = {'id': 29, 'hazard_lvl': 'Критический', 'text': 'text', 'title': 'title', 'author': 'http://127.0.0.1:8000/api/users/1/', 'event_date': '2018-01-13T10:47:43+03:00'}</msg>
<status status="PASS" endtime="20180128 12:27:01.368" starttime="20180128 12:27:01.366"></status>
</kw>
<msg level="INFO" timestamp="20180128 12:27:01.368">${json} = {'id': 29, 'hazard_lvl': 'Критический', 'text': 'text', 'title': 'title', 'author': 'http://127.0.0.1:8000/api/users/1/', 'event_date': '2018-01-13T10:47:43+03:00'}</msg>
<status status="PASS" endtime="20180128 12:27:01.368" starttime="20180128 12:27:01.251"></status>
</kw>
<kw name="Get From Dictionary" library="Collections">
<doc>Returns a value from the given ``dictionary`` based on the given ``key``.</doc>
<arguments>
<arg>${json}</arg>
<arg>id</arg>
</arguments>
<assign>
<var>${event_id}</var>
</assign>
<msg level="INFO" timestamp="20180128 12:27:01.370">${event_id} = 29</msg>
<status status="PASS" endtime="20180128 12:27:01.370" starttime="20180128 12:27:01.368"></status>
</kw>
<kw name="Delete event by url">
<arguments>
<arg>${event_url}${event_id}/</arg>
</arguments>
<assign>
<var>${response}</var>
</assign>
<kw name="Create Dictionary" library="BuiltIn">
<doc>Creates and returns a dictionary based on the given ``items``.</doc>
<arguments>
<arg>Content-Type=Application/json</arg>
<arg>Authorization=${TOKEN}</arg>
</arguments>
<assign>
<var>${headers}</var>
</assign>
<msg level="INFO" timestamp="20180128 12:27:01.372">${headers} = {'Content-Type': 'Application/json', 'Authorization': 'Token 90f65337e4fe9d821bd4a80b04cb6bf331bb60fe'}</msg>
<status status="PASS" endtime="20180128 12:27:01.372" starttime="20180128 12:27:01.371"></status>
</kw>
<kw name="Delete" library="requests">
<doc>Sends a DELETE request.</doc>
<arguments>
<arg>url=${url}</arg>
<arg>headers=${headers}</arg>
</arguments>
<assign>
<var>${response}</var>
</assign>
<msg level="INFO" timestamp="20180128 12:27:01.489">${response} = &lt;Response [204]&gt;</msg>
<status status="PASS" endtime="20180128 12:27:01.489" starttime="20180128 12:27:01.373"></status>
</kw>
<kw name="Should Be Equal" library="BuiltIn">
<doc>Fails if the given objects are unequal.</doc>
<arguments>
<arg>${response.status_code}</arg>
<arg>${204}</arg>
</arguments>
<status status="PASS" endtime="20180128 12:27:01.491" starttime="20180128 12:27:01.490"></status>
</kw>
<msg level="INFO" timestamp="20180128 12:27:01.492">${response} = &lt;Response [204]&gt;</msg>
<status status="PASS" endtime="20180128 12:27:01.492" starttime="20180128 12:27:01.370"></status>
</kw>
<doc>Удаление события</doc>
<tags>
<tag>event</tag>
</tags>
<timeout value="1 minute"></timeout>
<status status="PASS" endtime="20180128 12:27:01.493" critical="yes" starttime="20180128 12:27:01.250"></status>
</test>
<kw name="Disconnect From Database" type="teardown" library="DatabaseLibrary">
<doc>Disconnects from the database.</doc>
<msg level="INFO" timestamp="20180128 12:27:01.495">Executing : Disconnect From Database</msg>
<status status="PASS" endtime="20180128 12:27:01.496" starttime="20180128 12:27:01.495"></status>
</kw>
<doc>Тестирование работы OAPI с объектами event</doc>
<status status="PASS" endtime="20180128 12:27:01.496" starttime="20180128 12:27:00.890"></status>
</suite>
<status status="PASS" endtime="20180128 12:27:01.501" starttime="20180128 12:27:00.051"></status>
</suite>
<statistics>
<total>
<stat fail="0" pass="8">Critical Tests</stat>
<stat fail="0" pass="8">All Tests</stat>
</total>
<tag>
<stat fail="0" pass="4">event</stat>
<stat fail="0" pass="4">user</stat>
</tag>
<suite>
<stat fail="0" id="s1" name="Tests" pass="8">Tests</stat>
<stat fail="0" id="s1-s1" name="01 Users" pass="4">Tests.01 Users</stat>
<stat fail="0" id="s1-s2" name="02 Events" pass="4">Tests.02 Events</stat>
</suite>
</statistics>
<errors>
</errors>
</robot>
